[INFO] Error stacktraces are turned on.
[INFO] Scanning for projects...
[INFO]                                                                         
[INFO] ------------------------------------------------------------------------
[INFO] Building db-sharding-bundle 1.2.2-1-SNAPSHOT
[INFO] ------------------------------------------------------------------------
[INFO] 
[INFO] --- maven-enforcer-plugin:3.0.0-M2:enforce (enforce-no-snapshots) @ db-sharding-bundle ---
[INFO] Skipping Rule Enforcement.
[INFO] 
[INFO] --- maven-resources-plugin:2.6:resources (default-resources) @ db-sharding-bundle ---
[INFO] Using 'UTF-8' encoding to copy filtered resources.
[INFO] Copying 1 resource
[INFO] 
[INFO] --- maven-compiler-plugin:3.2:compile (default-compile) @ db-sharding-bundle ---
[INFO] Nothing to compile - all classes are up to date
[INFO] 
[INFO] --- maven-resources-plugin:2.6:testResources (default-testResources) @ db-sharding-bundle ---
[INFO] Using 'UTF-8' encoding to copy filtered resources.
[INFO] skip non existing resourceDirectory /pfs/proj/nobackup/fs/projnb01/snic2020-10-10/dginelli/repairnator-workspace/repairnator-repairnator-experiments-santanusinha-dropwizard-db-sharding-bundle-415477949-20180813-165531-firstCommit/src/test/resources
[INFO] 
[INFO] --- maven-compiler-plugin:3.2:testCompile (default-testCompile) @ db-sharding-bundle ---
[INFO] Nothing to compile - all classes are up to date
[INFO] 
[INFO] --- maven-surefire-plugin:2.17:test (default-test) @ db-sharding-bundle ---
[INFO] Surefire report directory: /pfs/proj/nobackup/fs/projnb01/snic2020-10-10/dginelli/repairnator-workspace/repairnator-repairnator-experiments-santanusinha-dropwizard-db-sharding-bundle-415477949-20180813-165531-firstCommit/target/surefire-reports
[INFO] Downloading: https://repo.maven.apache.org/maven2/org/apache/maven/surefire/surefire-junit4/2.17/surefire-junit4-2.17.pom
[INFO] Downloaded: https://repo.maven.apache.org/maven2/org/apache/maven/surefire/surefire-junit4/2.17/surefire-junit4-2.17.pom (3 KB at 6.9 KB/sec)
[INFO] Downloading: https://repo.maven.apache.org/maven2/org/apache/maven/surefire/surefire-providers/2.17/surefire-providers-2.17.pom
[INFO] Downloaded: https://repo.maven.apache.org/maven2/org/apache/maven/surefire/surefire-providers/2.17/surefire-providers-2.17.pom (3 KB at 35.2 KB/sec)
[INFO] Downloading: https://repo.maven.apache.org/maven2/org/apache/maven/surefire/surefire-junit4/2.17/surefire-junit4-2.17.jar
[INFO] Downloaded: https://repo.maven.apache.org/maven2/org/apache/maven/surefire/surefire-junit4/2.17/surefire-junit4-2.17.jar (63 KB at 884.7 KB/sec)

-------------------------------------------------------
 T E S T S
-------------------------------------------------------
Running io.dropwizard.sharding.dao.locktest.LockTest
18:11:31.459 [main] DEBUG org.jboss.logging – Logging Provider: org.jboss.logging.Slf4jLoggerProvider
18:11:31.754 [main] INFO  org.hibernate.Version – HHH000412: Hibernate Core {5.2.12.Final}
18:11:31.758 [main] INFO  org.hibernate.cfg.Environment – HHH000206: hibernate.properties not found
18:11:31.808 [main] INFO  o.h.annotations.common.Version – HCANN000001: Hibernate Commons Annotations {5.0.1.Final}
18:11:31.914 [main] WARN  o.hibernate.orm.connections.pooling – HHH10001002: Using Hibernate built-in connection pool (not for production use!)
18:11:31.917 [main] INFO  o.hibernate.orm.connections.pooling – HHH10001005: using driver [org.h2.Driver] at URL [jdbc:h2:mem:db_0]
18:11:31.917 [main] INFO  o.hibernate.orm.connections.pooling – HHH10001001: Connection properties: {}
18:11:31.921 [main] INFO  o.hibernate.orm.connections.pooling – HHH10001003: Autocommit mode: false
18:11:31.925 [main] INFO  o.h.e.j.c.i.DriverManagerConnectionProviderImpl – HHH000115: Hibernate connection pool size: 20 (min=1)
18:11:32.169 [main] INFO  org.hibernate.dialect.Dialect – HHH000400: Using dialect: org.hibernate.dialect.H2Dialect
18:11:32.623 [main] INFO  o.h.validator.internal.util.Version – HV000001: Hibernate Validator 5.4.1.Final
18:11:33.159 [main] INFO  org.hibernate.orm.connections.access – HHH10001501: Connection obtained from JdbcConnectionAccess [org.hibernate.engine.jdbc.env.internal.JdbcEnvironmentInitiator$ConnectionProviderJdbcConnectionAccess@62315f22] for (non-JTA) DDL execution was not in auto-commit mode; the Connection 'local transaction' will be committed and the Connection will be set into auto-commit mode.
18:11:33.162 [main] INFO  org.hibernate.orm.connections.access – HHH10001501: Connection obtained from JdbcConnectionAccess [org.hibernate.engine.jdbc.env.internal.JdbcEnvironmentInitiator$ConnectionProviderJdbcConnectionAccess@7f4037ed] for (non-JTA) DDL execution was not in auto-commit mode; the Connection 'local transaction' will be committed and the Connection will be set into auto-commit mode.
18:11:33.194 [main] INFO  o.h.t.s.internal.SchemaCreatorImpl – HHH000476: Executing import script 'org.hibernate.tool.schema.internal.exec.ScriptSourceInputNonExistentImpl@7fcff1b9'
18:11:33.216 [main] WARN  o.hibernate.orm.connections.pooling – HHH10001002: Using Hibernate built-in connection pool (not for production use!)
18:11:33.218 [main] INFO  o.hibernate.orm.connections.pooling – HHH10001005: using driver [org.h2.Driver] at URL [jdbc:h2:mem:db_1]
18:11:33.218 [main] INFO  o.hibernate.orm.connections.pooling – HHH10001001: Connection properties: {}
18:11:33.218 [main] INFO  o.hibernate.orm.connections.pooling – HHH10001003: Autocommit mode: false
18:11:33.219 [main] INFO  o.h.e.j.c.i.DriverManagerConnectionProviderImpl – HHH000115: Hibernate connection pool size: 20 (min=1)
18:11:33.236 [main] INFO  org.hibernate.dialect.Dialect – HHH000400: Using dialect: org.hibernate.dialect.H2Dialect
18:11:33.303 [main] INFO  org.hibernate.orm.connections.access – HHH10001501: Connection obtained from JdbcConnectionAccess [org.hibernate.engine.jdbc.env.internal.JdbcEnvironmentInitiator$ConnectionProviderJdbcConnectionAccess@68e62ca4] for (non-JTA) DDL execution was not in auto-commit mode; the Connection 'local transaction' will be committed and the Connection will be set into auto-commit mode.
18:11:33.319 [main] INFO  org.hibernate.orm.connections.access – HHH10001501: Connection obtained from JdbcConnectionAccess [org.hibernate.engine.jdbc.env.internal.JdbcEnvironmentInitiator$ConnectionProviderJdbcConnectionAccess@5328a9c1] for (non-JTA) DDL execution was not in auto-commit mode; the Connection 'local transaction' will be committed and the Connection will be set into auto-commit mode.
18:11:33.322 [main] INFO  o.h.t.s.internal.SchemaCreatorImpl – HHH000476: Executing import script 'org.hibernate.tool.schema.internal.exec.ScriptSourceInputNonExistentImpl@7fcff1b9'
18:11:33.368 [main] INFO  i.d.sharding.sharding.ShardManager – Buckets to shard allocation: [[0..498]=0, [499..999]=1]
18:11:33.521 [main] DEBUG io.dropwizard.sharding.dao.LookupDao – Saving entity of type SomeLookupObject with key 0 to shard 0
18:11:33.714 [main] WARN  o.h.e.jdbc.spi.SqlExceptionHelper – SQL Error: 23505, SQLState: 23505
18:11:33.714 [main] ERROR o.h.e.jdbc.spi.SqlExceptionHelper – Unique index or primary key violation: "UK_1MSTC0JLTB8BHUGNF1J5EV1TF_INDEX_1 ON PUBLIC.SOME_TABLE(MY_ID) VALUES ('0', 1)"; SQL statement:
insert into some_table (id, my_id, name) values (null, ?, ?) [23505-196]
18:11:33.729 [main] WARN  o.hibernate.orm.connections.pooling – HHH10001002: Using Hibernate built-in connection pool (not for production use!)
18:11:33.729 [main] INFO  o.hibernate.orm.connections.pooling – HHH10001005: using driver [org.h2.Driver] at URL [jdbc:h2:mem:db_0]
18:11:33.730 [main] INFO  o.hibernate.orm.connections.pooling – HHH10001001: Connection properties: {}
18:11:33.746 [main] INFO  o.hibernate.orm.connections.pooling – HHH10001003: Autocommit mode: false
18:11:33.746 [main] INFO  o.h.e.j.c.i.DriverManagerConnectionProviderImpl – HHH000115: Hibernate connection pool size: 20 (min=1)
18:11:33.747 [main] INFO  org.hibernate.dialect.Dialect – HHH000400: Using dialect: org.hibernate.dialect.H2Dialect
18:11:33.805 [main] INFO  org.hibernate.orm.connections.access – HHH10001501: Connection obtained from JdbcConnectionAccess [org.hibernate.engine.jdbc.env.internal.JdbcEnvironmentInitiator$ConnectionProviderJdbcConnectionAccess@3c904f1e] for (non-JTA) DDL execution was not in auto-commit mode; the Connection 'local transaction' will be committed and the Connection will be set into auto-commit mode.
18:11:33.811 [main] INFO  org.hibernate.orm.connections.access – HHH10001501: Connection obtained from JdbcConnectionAccess [org.hibernate.engine.jdbc.env.internal.JdbcEnvironmentInitiator$ConnectionProviderJdbcConnectionAccess@8d7b252] for (non-JTA) DDL execution was not in auto-commit mode; the Connection 'local transaction' will be committed and the Connection will be set into auto-commit mode.
18:11:33.817 [main] INFO  o.h.t.s.internal.SchemaCreatorImpl – HHH000476: Executing import script 'org.hibernate.tool.schema.internal.exec.ScriptSourceInputNonExistentImpl@7fcff1b9'
18:11:33.841 [main] WARN  o.hibernate.orm.connections.pooling – HHH10001002: Using Hibernate built-in connection pool (not for production use!)
18:11:33.842 [main] INFO  o.hibernate.orm.connections.pooling – HHH10001005: using driver [org.h2.Driver] at URL [jdbc:h2:mem:db_1]
18:11:33.842 [main] INFO  o.hibernate.orm.connections.pooling – HHH10001001: Connection properties: {}
18:11:33.842 [main] INFO  o.hibernate.orm.connections.pooling – HHH10001003: Autocommit mode: false
18:11:33.842 [main] INFO  o.h.e.j.c.i.DriverManagerConnectionProviderImpl – HHH000115: Hibernate connection pool size: 20 (min=1)
18:11:33.843 [main] INFO  org.hibernate.dialect.Dialect – HHH000400: Using dialect: org.hibernate.dialect.H2Dialect
18:11:33.897 [main] INFO  org.hibernate.orm.connections.access – HHH10001501: Connection obtained from JdbcConnectionAccess [org.hibernate.engine.jdbc.env.internal.JdbcEnvironmentInitiator$ConnectionProviderJdbcConnectionAccess@30a7c98f] for (non-JTA) DDL execution was not in auto-commit mode; the Connection 'local transaction' will be committed and the Connection will be set into auto-commit mode.
18:11:33.903 [main] INFO  org.hibernate.orm.connections.access – HHH10001501: Connection obtained from JdbcConnectionAccess [org.hibernate.engine.jdbc.env.internal.JdbcEnvironmentInitiator$ConnectionProviderJdbcConnectionAccess@499683c4] for (non-JTA) DDL execution was not in auto-commit mode; the Connection 'local transaction' will be committed and the Connection will be set into auto-commit mode.
18:11:33.908 [main] INFO  o.h.t.s.internal.SchemaCreatorImpl – HHH000476: Executing import script 'org.hibernate.tool.schema.internal.exec.ScriptSourceInputNonExistentImpl@7fcff1b9'
18:11:33.908 [main] INFO  i.d.sharding.sharding.ShardManager – Buckets to shard allocation: [[0..498]=0, [499..999]=1]
18:11:33.909 [main] DEBUG io.dropwizard.sharding.dao.LookupDao – Saving entity of type SomeLookupObject with key 0 to shard 0
18:11:33.949 [main] WARN  org.hibernate.orm.deprecation – HHH90000022: Hibernate's legacy org.hibernate.Criteria API is deprecated; use the JPA javax.persistence.criteria.CriteriaQuery instead
18:11:33.996 [main] WARN  org.hibernate.orm.deprecation – HHH90000022: Hibernate's legacy org.hibernate.Criteria API is deprecated; use the JPA javax.persistence.criteria.CriteriaQuery instead
18:11:34.011 [main] WARN  o.hibernate.orm.connections.pooling – HHH10001002: Using Hibernate built-in connection pool (not for production use!)
18:11:34.012 [main] INFO  o.hibernate.orm.connections.pooling – HHH10001005: using driver [org.h2.Driver] at URL [jdbc:h2:mem:db_0]
18:11:34.087 [main] INFO  o.hibernate.orm.connections.pooling – HHH10001001: Connection properties: {}
18:11:34.089 [main] INFO  o.hibernate.orm.connections.pooling – HHH10001003: Autocommit mode: false
18:11:34.090 [main] INFO  o.h.e.j.c.i.DriverManagerConnectionProviderImpl – HHH000115: Hibernate connection pool size: 20 (min=1)
18:11:34.091 [main] INFO  org.hibernate.dialect.Dialect – HHH000400: Using dialect: org.hibernate.dialect.H2Dialect
18:11:34.138 [main] INFO  org.hibernate.orm.connections.access – HHH10001501: Connection obtained from JdbcConnectionAccess [org.hibernate.engine.jdbc.env.internal.JdbcEnvironmentInitiator$ConnectionProviderJdbcConnectionAccess@168cd36b] for (non-JTA) DDL execution was not in auto-commit mode; the Connection 'local transaction' will be committed and the Connection will be set into auto-commit mode.
18:11:34.154 [main] INFO  org.hibernate.orm.connections.access – HHH10001501: Connection obtained from JdbcConnectionAccess [org.hibernate.engine.jdbc.env.internal.JdbcEnvironmentInitiator$ConnectionProviderJdbcConnectionAccess@d8d9199] for (non-JTA) DDL execution was not in auto-commit mode; the Connection 'local transaction' will be committed and the Connection will be set into auto-commit mode.
18:11:34.156 [main] INFO  o.h.t.s.internal.SchemaCreatorImpl – HHH000476: Executing import script 'org.hibernate.tool.schema.internal.exec.ScriptSourceInputNonExistentImpl@7fcff1b9'
18:11:34.170 [main] WARN  o.hibernate.orm.connections.pooling – HHH10001002: Using Hibernate built-in connection pool (not for production use!)
18:11:34.170 [main] INFO  o.hibernate.orm.connections.pooling – HHH10001005: using driver [org.h2.Driver] at URL [jdbc:h2:mem:db_1]
18:11:34.170 [main] INFO  o.hibernate.orm.connections.pooling – HHH10001001: Connection properties: {}
18:11:34.170 [main] INFO  o.hibernate.orm.connections.pooling – HHH10001003: Autocommit mode: false
18:11:34.170 [main] INFO  o.h.e.j.c.i.DriverManagerConnectionProviderImpl – HHH000115: Hibernate connection pool size: 20 (min=1)
18:11:34.185 [main] INFO  org.hibernate.dialect.Dialect – HHH000400: Using dialect: org.hibernate.dialect.H2Dialect
18:11:34.220 [main] INFO  org.hibernate.orm.connections.access – HHH10001501: Connection obtained from JdbcConnectionAccess [org.hibernate.engine.jdbc.env.internal.JdbcEnvironmentInitiator$ConnectionProviderJdbcConnectionAccess@5d7ca698] for (non-JTA) DDL execution was not in auto-commit mode; the Connection 'local transaction' will be committed and the Connection will be set into auto-commit mode.
18:11:34.226 [main] INFO  org.hibernate.orm.connections.access – HHH10001501: Connection obtained from JdbcConnectionAccess [org.hibernate.engine.jdbc.env.internal.JdbcEnvironmentInitiator$ConnectionProviderJdbcConnectionAccess@75961f16] for (non-JTA) DDL execution was not in auto-commit mode; the Connection 'local transaction' will be committed and the Connection will be set into auto-commit mode.
18:11:34.229 [main] INFO  o.h.t.s.internal.SchemaCreatorImpl – HHH000476: Executing import script 'org.hibernate.tool.schema.internal.exec.ScriptSourceInputNonExistentImpl@7fcff1b9'
18:11:34.229 [main] INFO  i.d.sharding.sharding.ShardManager – Buckets to shard allocation: [[0..498]=0, [499..999]=1]
18:11:34.234 [main] WARN  org.hibernate.orm.deprecation – HHH90000022: Hibernate's legacy org.hibernate.Criteria API is deprecated; use the JPA javax.persistence.criteria.CriteriaQuery instead
18:11:34.248 [main] WARN  org.hibernate.orm.deprecation – HHH90000022: Hibernate's legacy org.hibernate.Criteria API is deprecated; use the JPA javax.persistence.criteria.CriteriaQuery instead
18:11:34.258 [main] WARN  o.hibernate.orm.connections.pooling – HHH10001002: Using Hibernate built-in connection pool (not for production use!)
18:11:34.258 [main] INFO  o.hibernate.orm.connections.pooling – HHH10001005: using driver [org.h2.Driver] at URL [jdbc:h2:mem:db_0]
18:11:34.260 [main] INFO  o.hibernate.orm.connections.pooling – HHH10001001: Connection properties: {}
18:11:34.261 [main] INFO  o.hibernate.orm.connections.pooling – HHH10001003: Autocommit mode: false
18:11:34.261 [main] INFO  o.h.e.j.c.i.DriverManagerConnectionProviderImpl – HHH000115: Hibernate connection pool size: 20 (min=1)
18:11:34.272 [main] INFO  org.hibernate.dialect.Dialect – HHH000400: Using dialect: org.hibernate.dialect.H2Dialect
18:11:34.288 [main] INFO  org.hibernate.orm.connections.access – HHH10001501: Connection obtained from JdbcConnectionAccess [org.hibernate.engine.jdbc.env.internal.JdbcEnvironmentInitiator$ConnectionProviderJdbcConnectionAccess@7100dea] for (non-JTA) DDL execution was not in auto-commit mode; the Connection 'local transaction' will be committed and the Connection will be set into auto-commit mode.
18:11:34.300 [main] INFO  org.hibernate.orm.connections.access – HHH10001501: Connection obtained from JdbcConnectionAccess [org.hibernate.engine.jdbc.env.internal.JdbcEnvironmentInitiator$ConnectionProviderJdbcConnectionAccess@712cfb63] for (non-JTA) DDL execution was not in auto-commit mode; the Connection 'local transaction' will be committed and the Connection will be set into auto-commit mode.
18:11:34.310 [main] INFO  o.h.t.s.internal.SchemaCreatorImpl – HHH000476: Executing import script 'org.hibernate.tool.schema.internal.exec.ScriptSourceInputNonExistentImpl@7fcff1b9'
18:11:34.335 [main] WARN  o.hibernate.orm.connections.pooling – HHH10001002: Using Hibernate built-in connection pool (not for production use!)
18:11:34.336 [main] INFO  o.hibernate.orm.connections.pooling – HHH10001005: using driver [org.h2.Driver] at URL [jdbc:h2:mem:db_1]
18:11:34.342 [main] INFO  o.hibernate.orm.connections.pooling – HHH10001001: Connection properties: {}
18:11:34.342 [main] INFO  o.hibernate.orm.connections.pooling – HHH10001003: Autocommit mode: false
18:11:34.343 [main] INFO  o.h.e.j.c.i.DriverManagerConnectionProviderImpl – HHH000115: Hibernate connection pool size: 20 (min=1)
18:11:34.344 [main] INFO  org.hibernate.dialect.Dialect – HHH000400: Using dialect: org.hibernate.dialect.H2Dialect
18:11:34.407 [main] INFO  org.hibernate.orm.connections.access – HHH10001501: Connection obtained from JdbcConnectionAccess [org.hibernate.engine.jdbc.env.internal.JdbcEnvironmentInitiator$ConnectionProviderJdbcConnectionAccess@617389a] for (non-JTA) DDL execution was not in auto-commit mode; the Connection 'local transaction' will be committed and the Connection will be set into auto-commit mode.
18:11:34.411 [main] INFO  org.hibernate.orm.connections.access – HHH10001501: Connection obtained from JdbcConnectionAccess [org.hibernate.engine.jdbc.env.internal.JdbcEnvironmentInitiator$ConnectionProviderJdbcConnectionAccess@1c8f6a90] for (non-JTA) DDL execution was not in auto-commit mode; the Connection 'local transaction' will be committed and the Connection will be set into auto-commit mode.
18:11:34.415 [main] INFO  o.h.t.s.internal.SchemaCreatorImpl – HHH000476: Executing import script 'org.hibernate.tool.schema.internal.exec.ScriptSourceInputNonExistentImpl@7fcff1b9'
18:11:34.419 [main] INFO  i.d.sharding.sharding.ShardManager – Buckets to shard allocation: [[0..498]=0, [499..999]=1]
18:11:34.443 [main] WARN  org.hibernate.orm.deprecation – HHH90000022: Hibernate's legacy org.hibernate.Criteria API is deprecated; use the JPA javax.persistence.criteria.CriteriaQuery instead
18:11:34.451 [main] WARN  org.hibernate.orm.deprecation – HHH90000022: Hibernate's legacy org.hibernate.Criteria API is deprecated; use the JPA javax.persistence.criteria.CriteriaQuery instead
18:11:34.453 [main] WARN  org.hibernate.orm.deprecation – HHH90000022: Hibernate's legacy org.hibernate.Criteria API is deprecated; use the JPA javax.persistence.criteria.CriteriaQuery instead
18:11:34.455 [main] WARN  org.hibernate.orm.deprecation – HHH90000022: Hibernate's legacy org.hibernate.Criteria API is deprecated; use the JPA javax.persistence.criteria.CriteriaQuery instead
SomeOtherObject(id=1, my_id=0, value=Hello Changed)
18:11:34.457 [main] WARN  org.hibernate.orm.deprecation – HHH90000022: Hibernate's legacy org.hibernate.Criteria API is deprecated; use the JPA javax.persistence.criteria.CriteriaQuery instead
18:11:34.464 [main] WARN  o.hibernate.orm.connections.pooling – HHH10001002: Using Hibernate built-in connection pool (not for production use!)
18:11:34.464 [main] INFO  o.hibernate.orm.connections.pooling – HHH10001005: using driver [org.h2.Driver] at URL [jdbc:h2:mem:db_0]
18:11:34.464 [main] INFO  o.hibernate.orm.connections.pooling – HHH10001001: Connection properties: {}
18:11:34.465 [main] INFO  o.hibernate.orm.connections.pooling – HHH10001003: Autocommit mode: false
18:11:34.465 [main] INFO  o.h.e.j.c.i.DriverManagerConnectionProviderImpl – HHH000115: Hibernate connection pool size: 20 (min=1)
18:11:34.481 [main] INFO  org.hibernate.dialect.Dialect – HHH000400: Using dialect: org.hibernate.dialect.H2Dialect
18:11:34.511 [main] INFO  org.hibernate.orm.connections.access – HHH10001501: Connection obtained from JdbcConnectionAccess [org.hibernate.engine.jdbc.env.internal.JdbcEnvironmentInitiator$ConnectionProviderJdbcConnectionAccess@1bb740f2] for (non-JTA) DDL execution was not in auto-commit mode; the Connection 'local transaction' will be committed and the Connection will be set into auto-commit mode.
18:11:34.514 [main] INFO  org.hibernate.orm.connections.access – HHH10001501: Connection obtained from JdbcConnectionAccess [org.hibernate.engine.jdbc.env.internal.JdbcEnvironmentInitiator$ConnectionProviderJdbcConnectionAccess@2538bc06] for (non-JTA) DDL execution was not in auto-commit mode; the Connection 'local transaction' will be committed and the Connection will be set into auto-commit mode.
18:11:34.517 [main] INFO  o.h.t.s.internal.SchemaCreatorImpl – HHH000476: Executing import script 'org.hibernate.tool.schema.internal.exec.ScriptSourceInputNonExistentImpl@7fcff1b9'
18:11:34.528 [main] WARN  o.hibernate.orm.connections.pooling – HHH10001002: Using Hibernate built-in connection pool (not for production use!)
18:11:34.539 [main] INFO  o.hibernate.orm.connections.pooling – HHH10001005: using driver [org.h2.Driver] at URL [jdbc:h2:mem:db_1]
18:11:34.539 [main] INFO  o.hibernate.orm.connections.pooling – HHH10001001: Connection properties: {}
18:11:34.539 [main] INFO  o.hibernate.orm.connections.pooling – HHH10001003: Autocommit mode: false
18:11:34.539 [main] INFO  o.h.e.j.c.i.DriverManagerConnectionProviderImpl – HHH000115: Hibernate connection pool size: 20 (min=1)
18:11:34.540 [main] INFO  org.hibernate.dialect.Dialect – HHH000400: Using dialect: org.hibernate.dialect.H2Dialect
18:11:34.577 [main] INFO  org.hibernate.orm.connections.access – HHH10001501: Connection obtained from JdbcConnectionAccess [org.hibernate.engine.jdbc.env.internal.JdbcEnvironmentInitiator$ConnectionProviderJdbcConnectionAccess@766a49c7] for (non-JTA) DDL execution was not in auto-commit mode; the Connection 'local transaction' will be committed and the Connection will be set into auto-commit mode.
18:11:34.596 [main] INFO  org.hibernate.orm.connections.access – HHH10001501: Connection obtained from JdbcConnectionAccess [org.hibernate.engine.jdbc.env.internal.JdbcEnvironmentInitiator$ConnectionProviderJdbcConnectionAccess@1db7157f] for (non-JTA) DDL execution was not in auto-commit mode; the Connection 'local transaction' will be committed and the Connection will be set into auto-commit mode.
18:11:34.601 [main] INFO  o.h.t.s.internal.SchemaCreatorImpl – HHH000476: Executing import script 'org.hibernate.tool.schema.internal.exec.ScriptSourceInputNonExistentImpl@7fcff1b9'
18:11:34.602 [main] INFO  i.d.sharding.sharding.ShardManager – Buckets to shard allocation: [[0..498]=0, [499..999]=1]
18:11:34.602 [main] DEBUG io.dropwizard.sharding.dao.LookupDao – Saving entity of type SomeLookupObject with key 0 to shard 0
18:11:34.606 [main] WARN  org.hibernate.orm.deprecation – HHH90000022: Hibernate's legacy org.hibernate.Criteria API is deprecated; use the JPA javax.persistence.criteria.CriteriaQuery instead
null
18:11:34.608 [main] WARN  org.hibernate.orm.deprecation – HHH90000022: Hibernate's legacy org.hibernate.Criteria API is deprecated; use the JPA javax.persistence.criteria.CriteriaQuery instead
18:11:34.620 [main] WARN  o.hibernate.orm.connections.pooling – HHH10001002: Using Hibernate built-in connection pool (not for production use!)
18:11:34.620 [main] INFO  o.hibernate.orm.connections.pooling – HHH10001005: using driver [org.h2.Driver] at URL [jdbc:h2:mem:db_0]
18:11:34.620 [main] INFO  o.hibernate.orm.connections.pooling – HHH10001001: Connection properties: {}
18:11:34.621 [main] INFO  o.hibernate.orm.connections.pooling – HHH10001003: Autocommit mode: false
18:11:34.621 [main] INFO  o.h.e.j.c.i.DriverManagerConnectionProviderImpl – HHH000115: Hibernate connection pool size: 20 (min=1)
18:11:34.641 [main] INFO  org.hibernate.dialect.Dialect – HHH000400: Using dialect: org.hibernate.dialect.H2Dialect
18:11:34.690 [main] INFO  org.hibernate.orm.connections.access – HHH10001501: Connection obtained from JdbcConnectionAccess [org.hibernate.engine.jdbc.env.internal.JdbcEnvironmentInitiator$ConnectionProviderJdbcConnectionAccess@42505474] for (non-JTA) DDL execution was not in auto-commit mode; the Connection 'local transaction' will be committed and the Connection will be set into auto-commit mode.
18:11:34.693 [main] INFO  org.hibernate.orm.connections.access – HHH10001501: Connection obtained from JdbcConnectionAccess [org.hibernate.engine.jdbc.env.internal.JdbcEnvironmentInitiator$ConnectionProviderJdbcConnectionAccess@7b477141] for (non-JTA) DDL execution was not in auto-commit mode; the Connection 'local transaction' will be committed and the Connection will be set into auto-commit mode.
18:11:34.699 [main] INFO  o.h.t.s.internal.SchemaCreatorImpl – HHH000476: Executing import script 'org.hibernate.tool.schema.internal.exec.ScriptSourceInputNonExistentImpl@7fcff1b9'
18:11:34.704 [main] WARN  o.hibernate.orm.connections.pooling – HHH10001002: Using Hibernate built-in connection pool (not for production use!)
18:11:34.705 [main] INFO  o.hibernate.orm.connections.pooling – HHH10001005: using driver [org.h2.Driver] at URL [jdbc:h2:mem:db_1]
18:11:34.705 [main] INFO  o.hibernate.orm.connections.pooling – HHH10001001: Connection properties: {}
18:11:34.706 [main] INFO  o.hibernate.orm.connections.pooling – HHH10001003: Autocommit mode: false
18:11:34.707 [main] INFO  o.h.e.j.c.i.DriverManagerConnectionProviderImpl – HHH000115: Hibernate connection pool size: 20 (min=1)
18:11:34.711 [main] INFO  org.hibernate.dialect.Dialect – HHH000400: Using dialect: org.hibernate.dialect.H2Dialect
18:11:34.751 [main] INFO  org.hibernate.orm.connections.access – HHH10001501: Connection obtained from JdbcConnectionAccess [org.hibernate.engine.jdbc.env.internal.JdbcEnvironmentInitiator$ConnectionProviderJdbcConnectionAccess@2539cd1c] for (non-JTA) DDL execution was not in auto-commit mode; the Connection 'local transaction' will be committed and the Connection will be set into auto-commit mode.
18:11:34.754 [main] INFO  org.hibernate.orm.connections.access – HHH10001501: Connection obtained from JdbcConnectionAccess [org.hibernate.engine.jdbc.env.internal.JdbcEnvironmentInitiator$ConnectionProviderJdbcConnectionAccess@7c20cdd0] for (non-JTA) DDL execution was not in auto-commit mode; the Connection 'local transaction' will be committed and the Connection will be set into auto-commit mode.
18:11:34.756 [main] INFO  o.h.t.s.internal.SchemaCreatorImpl – HHH000476: Executing import script 'org.hibernate.tool.schema.internal.exec.ScriptSourceInputNonExistentImpl@7fcff1b9'
18:11:34.756 [main] INFO  i.d.sharding.sharding.ShardManager – Buckets to shard allocation: [[0..498]=0, [499..999]=1]
18:11:34.757 [main] DEBUG io.dropwizard.sharding.dao.LookupDao – Saving entity of type SomeLookupObject with key 0 to shard 0
18:11:34.759 [main] WARN  org.hibernate.orm.deprecation – HHH90000022: Hibernate's legacy org.hibernate.Criteria API is deprecated; use the JPA javax.persistence.criteria.CriteriaQuery instead
Parent 1
18:11:34.764 [main] WARN  org.hibernate.orm.deprecation – HHH90000022: Hibernate's legacy org.hibernate.Criteria API is deprecated; use the JPA javax.persistence.criteria.CriteriaQuery instead
18:11:34.789 [main] WARN  org.hibernate.orm.deprecation – HHH90000022: Hibernate's legacy org.hibernate.Criteria API is deprecated; use the JPA javax.persistence.criteria.CriteriaQuery instead
18:11:34.790 [main] WARN  org.hibernate.orm.deprecation – HHH90000022: Hibernate's legacy org.hibernate.Criteria API is deprecated; use the JPA javax.persistence.criteria.CriteriaQuery instead
18:11:34.790 [main] WARN  org.hibernate.orm.deprecation – HHH90000022: Hibernate's legacy org.hibernate.Criteria API is deprecated; use the JPA javax.persistence.criteria.CriteriaQuery instead
SomeOtherObject(id=1, my_id=0, value=Hello)
18:11:34.800 [main] WARN  org.hibernate.orm.deprecation – HHH90000022: Hibernate's legacy org.hibernate.Criteria API is deprecated; use the JPA javax.persistence.criteria.CriteriaQuery instead
18:11:34.809 [main] WARN  o.hibernate.orm.connections.pooling – HHH10001002: Using Hibernate built-in connection pool (not for production use!)
18:11:34.809 [main] INFO  o.hibernate.orm.connections.pooling – HHH10001005: using driver [org.h2.Driver] at URL [jdbc:h2:mem:db_0]
18:11:34.809 [main] INFO  o.hibernate.orm.connections.pooling – HHH10001001: Connection properties: {}
18:11:34.809 [main] INFO  o.hibernate.orm.connections.pooling – HHH10001003: Autocommit mode: false
18:11:34.809 [main] INFO  o.h.e.j.c.i.DriverManagerConnectionProviderImpl – HHH000115: Hibernate connection pool size: 20 (min=1)
18:11:34.821 [main] INFO  org.hibernate.dialect.Dialect – HHH000400: Using dialect: org.hibernate.dialect.H2Dialect
18:11:34.852 [main] INFO  org.hibernate.orm.connections.access – HHH10001501: Connection obtained from JdbcConnectionAccess [org.hibernate.engine.jdbc.env.internal.JdbcEnvironmentInitiator$ConnectionProviderJdbcConnectionAccess@14c141c0] for (non-JTA) DDL execution was not in auto-commit mode; the Connection 'local transaction' will be committed and the Connection will be set into auto-commit mode.
18:11:34.857 [main] INFO  org.hibernate.orm.connections.access – HHH10001501: Connection obtained from JdbcConnectionAccess [org.hibernate.engine.jdbc.env.internal.JdbcEnvironmentInitiator$ConnectionProviderJdbcConnectionAccess@61874b9d] for (non-JTA) DDL execution was not in auto-commit mode; the Connection 'local transaction' will be committed and the Connection will be set into auto-commit mode.
18:11:34.864 [main] INFO  o.h.t.s.internal.SchemaCreatorImpl – HHH000476: Executing import script 'org.hibernate.tool.schema.internal.exec.ScriptSourceInputNonExistentImpl@7fcff1b9'
18:11:34.877 [main] WARN  o.hibernate.orm.connections.pooling – HHH10001002: Using Hibernate built-in connection pool (not for production use!)
18:11:34.877 [main] INFO  o.hibernate.orm.connections.pooling – HHH10001005: using driver [org.h2.Driver] at URL [jdbc:h2:mem:db_1]
18:11:34.877 [main] INFO  o.hibernate.orm.connections.pooling – HHH10001001: Connection properties: {}
18:11:34.877 [main] INFO  o.hibernate.orm.connections.pooling – HHH10001003: Autocommit mode: false
18:11:34.878 [main] INFO  o.h.e.j.c.i.DriverManagerConnectionProviderImpl – HHH000115: Hibernate connection pool size: 20 (min=1)
18:11:34.887 [main] INFO  org.hibernate.dialect.Dialect – HHH000400: Using dialect: org.hibernate.dialect.H2Dialect
18:11:34.921 [main] INFO  org.hibernate.orm.connections.access – HHH10001501: Connection obtained from JdbcConnectionAccess [org.hibernate.engine.jdbc.env.internal.JdbcEnvironmentInitiator$ConnectionProviderJdbcConnectionAccess@1cc8416a] for (non-JTA) DDL execution was not in auto-commit mode; the Connection 'local transaction' will be committed and the Connection will be set into auto-commit mode.
18:11:34.922 [main] INFO  org.hibernate.orm.connections.access – HHH10001501: Connection obtained from JdbcConnectionAccess [org.hibernate.engine.jdbc.env.internal.JdbcEnvironmentInitiator$ConnectionProviderJdbcConnectionAccess@331ff3ac] for (non-JTA) DDL execution was not in auto-commit mode; the Connection 'local transaction' will be committed and the Connection will be set into auto-commit mode.
18:11:34.924 [main] INFO  o.h.t.s.internal.SchemaCreatorImpl – HHH000476: Executing import script 'org.hibernate.tool.schema.internal.exec.ScriptSourceInputNonExistentImpl@7fcff1b9'
18:11:34.924 [main] INFO  i.d.sharding.sharding.ShardManager – Buckets to shard allocation: [[0..498]=0, [499..999]=1]
18:11:34.928 [main] WARN  org.hibernate.orm.deprecation – HHH90000022: Hibernate's legacy org.hibernate.Criteria API is deprecated; use the JPA javax.persistence.criteria.CriteriaQuery instead
18:11:34.937 [main] WARN  org.hibernate.orm.deprecation – HHH90000022: Hibernate's legacy org.hibernate.Criteria API is deprecated; use the JPA javax.persistence.criteria.CriteriaQuery instead
18:11:34.938 [main] WARN  org.hibernate.orm.deprecation – HHH90000022: Hibernate's legacy org.hibernate.Criteria API is deprecated; use the JPA javax.persistence.criteria.CriteriaQuery instead
SomeOtherObject(id=1, my_id=0, value=Hello Changed)
18:11:34.940 [main] WARN  org.hibernate.orm.deprecation – HHH90000022: Hibernate's legacy org.hibernate.Criteria API is deprecated; use the JPA javax.persistence.criteria.CriteriaQuery instead
Tests run: 7, Failures: 0, Errors: 0, Skipped: 0, Time elapsed: 3.914 sec - in io.dropwizard.sharding.dao.locktest.LockTest
Running io.dropwizard.sharding.dao.RelationalDaoTest
18:11:34.979 [main] WARN  o.hibernate.orm.connections.pooling – HHH10001002: Using Hibernate built-in connection pool (not for production use!)
18:11:34.980 [main] INFO  o.hibernate.orm.connections.pooling – HHH10001005: using driver [org.h2.Driver] at URL [jdbc:h2:mem:db_0]
18:11:34.981 [main] INFO  o.hibernate.orm.connections.pooling – HHH10001001: Connection properties: {}
18:11:34.981 [main] INFO  o.hibernate.orm.connections.pooling – HHH10001003: Autocommit mode: false
18:11:34.982 [main] INFO  o.h.e.j.c.i.DriverManagerConnectionProviderImpl – HHH000115: Hibernate connection pool size: 20 (min=1)
18:11:34.997 [main] INFO  org.hibernate.dialect.Dialect – HHH000400: Using dialect: org.hibernate.dialect.H2Dialect
18:11:35.022 [main] INFO  org.hibernate.orm.connections.access – HHH10001501: Connection obtained from JdbcConnectionAccess [org.hibernate.engine.jdbc.env.internal.JdbcEnvironmentInitiator$ConnectionProviderJdbcConnectionAccess@4e22368c] for (non-JTA) DDL execution was not in auto-commit mode; the Connection 'local transaction' will be committed and the Connection will be set into auto-commit mode.
18:11:35.024 [main] INFO  org.hibernate.orm.connections.access – HHH10001501: Connection obtained from JdbcConnectionAccess [org.hibernate.engine.jdbc.env.internal.JdbcEnvironmentInitiator$ConnectionProviderJdbcConnectionAccess@411cd156] for (non-JTA) DDL execution was not in auto-commit mode; the Connection 'local transaction' will be committed and the Connection will be set into auto-commit mode.
18:11:35.026 [main] INFO  o.h.t.s.internal.SchemaCreatorImpl – HHH000476: Executing import script 'org.hibernate.tool.schema.internal.exec.ScriptSourceInputNonExistentImpl@7fcff1b9'
18:11:35.034 [main] WARN  o.hibernate.orm.connections.pooling – HHH10001002: Using Hibernate built-in connection pool (not for production use!)
18:11:35.034 [main] INFO  o.hibernate.orm.connections.pooling – HHH10001005: using driver [org.h2.Driver] at URL [jdbc:h2:mem:db_1]
18:11:35.035 [main] INFO  o.hibernate.orm.connections.pooling – HHH10001001: Connection properties: {}
18:11:35.035 [main] INFO  o.hibernate.orm.connections.pooling – HHH10001003: Autocommit mode: false
18:11:35.035 [main] INFO  o.h.e.j.c.i.DriverManagerConnectionProviderImpl – HHH000115: Hibernate connection pool size: 20 (min=1)
18:11:35.049 [main] INFO  org.hibernate.dialect.Dialect – HHH000400: Using dialect: org.hibernate.dialect.H2Dialect
18:11:35.067 [main] INFO  org.hibernate.orm.connections.access – HHH10001501: Connection obtained from JdbcConnectionAccess [org.hibernate.engine.jdbc.env.internal.JdbcEnvironmentInitiator$ConnectionProviderJdbcConnectionAccess@4e0cc334] for (non-JTA) DDL execution was not in auto-commit mode; the Connection 'local transaction' will be committed and the Connection will be set into auto-commit mode.
18:11:35.067 [main] INFO  org.hibernate.orm.connections.access – HHH10001501: Connection obtained from JdbcConnectionAccess [org.hibernate.engine.jdbc.env.internal.JdbcEnvironmentInitiator$ConnectionProviderJdbcConnectionAccess@1e12a5a6] for (non-JTA) DDL execution was not in auto-commit mode; the Connection 'local transaction' will be committed and the Connection will be set into auto-commit mode.
18:11:35.069 [main] INFO  o.h.t.s.internal.SchemaCreatorImpl – HHH000476: Executing import script 'org.hibernate.tool.schema.internal.exec.ScriptSourceInputNonExistentImpl@7fcff1b9'
18:11:35.073 [main] WARN  o.hibernate.orm.connections.pooling – HHH10001002: Using Hibernate built-in connection pool (not for production use!)
18:11:35.089 [main] INFO  o.hibernate.orm.connections.pooling – HHH10001005: using driver [org.h2.Driver] at URL [jdbc:h2:mem:db_2]
18:11:35.089 [main] INFO  o.hibernate.orm.connections.pooling – HHH10001001: Connection properties: {}
18:11:35.089 [main] INFO  o.hibernate.orm.connections.pooling – HHH10001003: Autocommit mode: false
18:11:35.090 [main] INFO  o.h.e.j.c.i.DriverManagerConnectionProviderImpl – HHH000115: Hibernate connection pool size: 20 (min=1)
18:11:35.091 [main] INFO  org.hibernate.dialect.Dialect – HHH000400: Using dialect: org.hibernate.dialect.H2Dialect
18:11:35.122 [main] INFO  org.hibernate.orm.connections.access – HHH10001501: Connection obtained from JdbcConnectionAccess [org.hibernate.engine.jdbc.env.internal.JdbcEnvironmentInitiator$ConnectionProviderJdbcConnectionAccess@6e243175] for (non-JTA) DDL execution was not in auto-commit mode; the Connection 'local transaction' will be committed and the Connection will be set into auto-commit mode.
18:11:35.123 [main] INFO  org.hibernate.orm.connections.access – HHH10001501: Connection obtained from JdbcConnectionAccess [org.hibernate.engine.jdbc.env.internal.JdbcEnvironmentInitiator$ConnectionProviderJdbcConnectionAccess@7a1a3468] for (non-JTA) DDL execution was not in auto-commit mode; the Connection 'local transaction' will be committed and the Connection will be set into auto-commit mode.
18:11:35.124 [main] INFO  o.h.t.s.internal.SchemaCreatorImpl – HHH000476: Executing import script 'org.hibernate.tool.schema.internal.exec.ScriptSourceInputNonExistentImpl@7fcff1b9'
18:11:35.148 [main] WARN  o.hibernate.orm.connections.pooling – HHH10001002: Using Hibernate built-in connection pool (not for production use!)
18:11:35.148 [main] INFO  o.hibernate.orm.connections.pooling – HHH10001005: using driver [org.h2.Driver] at URL [jdbc:h2:mem:db_3]
18:11:35.148 [main] INFO  o.hibernate.orm.connections.pooling – HHH10001001: Connection properties: {}
18:11:35.148 [main] INFO  o.hibernate.orm.connections.pooling – HHH10001003: Autocommit mode: false
18:11:35.148 [main] INFO  o.h.e.j.c.i.DriverManagerConnectionProviderImpl – HHH000115: Hibernate connection pool size: 20 (min=1)
18:11:35.150 [main] INFO  org.hibernate.dialect.Dialect – HHH000400: Using dialect: org.hibernate.dialect.H2Dialect
18:11:35.190 [main] INFO  org.hibernate.orm.connections.access – HHH10001501: Connection obtained from JdbcConnectionAccess [org.hibernate.engine.jdbc.env.internal.JdbcEnvironmentInitiator$ConnectionProviderJdbcConnectionAccess@cbd40c1] for (non-JTA) DDL execution was not in auto-commit mode; the Connection 'local transaction' will be committed and the Connection will be set into auto-commit mode.
18:11:35.191 [main] INFO  org.hibernate.orm.connections.access – HHH10001501: Connection obtained from JdbcConnectionAccess [org.hibernate.engine.jdbc.env.internal.JdbcEnvironmentInitiator$ConnectionProviderJdbcConnectionAccess@4fa86cb8] for (non-JTA) DDL execution was not in auto-commit mode; the Connection 'local transaction' will be committed and the Connection will be set into auto-commit mode.
18:11:35.194 [main] INFO  o.h.t.s.internal.SchemaCreatorImpl – HHH000476: Executing import script 'org.hibernate.tool.schema.internal.exec.ScriptSourceInputNonExistentImpl@7fcff1b9'
18:11:35.200 [main] WARN  o.hibernate.orm.connections.pooling – HHH10001002: Using Hibernate built-in connection pool (not for production use!)
18:11:35.200 [main] INFO  o.hibernate.orm.connections.pooling – HHH10001005: using driver [org.h2.Driver] at URL [jdbc:h2:mem:db_4]
18:11:35.201 [main] INFO  o.hibernate.orm.connections.pooling – HHH10001001: Connection properties: {}
18:11:35.202 [main] INFO  o.hibernate.orm.connections.pooling – HHH10001003: Autocommit mode: false
18:11:35.202 [main] INFO  o.h.e.j.c.i.DriverManagerConnectionProviderImpl – HHH000115: Hibernate connection pool size: 20 (min=1)
18:11:35.208 [main] INFO  org.hibernate.dialect.Dialect – HHH000400: Using dialect: org.hibernate.dialect.H2Dialect
18:11:35.239 [main] INFO  org.hibernate.orm.connections.access – HHH10001501: Connection obtained from JdbcConnectionAccess [org.hibernate.engine.jdbc.env.internal.JdbcEnvironmentInitiator$ConnectionProviderJdbcConnectionAccess@296edc75] for (non-JTA) DDL execution was not in auto-commit mode; the Connection 'local transaction' will be committed and the Connection will be set into auto-commit mode.
18:11:35.241 [main] INFO  org.hibernate.orm.connections.access – HHH10001501: Connection obtained from JdbcConnectionAccess [org.hibernate.engine.jdbc.env.internal.JdbcEnvironmentInitiator$ConnectionProviderJdbcConnectionAccess@357c9bd9] for (non-JTA) DDL execution was not in auto-commit mode; the Connection 'local transaction' will be committed and the Connection will be set into auto-commit mode.
18:11:35.242 [main] INFO  o.h.t.s.internal.SchemaCreatorImpl – HHH000476: Executing import script 'org.hibernate.tool.schema.internal.exec.ScriptSourceInputNonExistentImpl@7fcff1b9'
18:11:35.247 [main] WARN  o.hibernate.orm.connections.pooling – HHH10001002: Using Hibernate built-in connection pool (not for production use!)
18:11:35.247 [main] INFO  o.hibernate.orm.connections.pooling – HHH10001005: using driver [org.h2.Driver] at URL [jdbc:h2:mem:db_5]
18:11:35.247 [main] INFO  o.hibernate.orm.connections.pooling – HHH10001001: Connection properties: {}
18:11:35.247 [main] INFO  o.hibernate.orm.connections.pooling – HHH10001003: Autocommit mode: false
18:11:35.248 [main] INFO  o.h.e.j.c.i.DriverManagerConnectionProviderImpl – HHH000115: Hibernate connection pool size: 20 (min=1)
18:11:35.259 [main] INFO  org.hibernate.dialect.Dialect – HHH000400: Using dialect: org.hibernate.dialect.H2Dialect
18:11:35.276 [main] INFO  org.hibernate.orm.connections.access – HHH10001501: Connection obtained from JdbcConnectionAccess [org.hibernate.engine.jdbc.env.internal.JdbcEnvironmentInitiator$ConnectionProviderJdbcConnectionAccess@68631b1d] for (non-JTA) DDL execution was not in auto-commit mode; the Connection 'local transaction' will be committed and the Connection will be set into auto-commit mode.
18:11:35.277 [main] INFO  org.hibernate.orm.connections.access – HHH10001501: Connection obtained from JdbcConnectionAccess [org.hibernate.engine.jdbc.env.internal.JdbcEnvironmentInitiator$ConnectionProviderJdbcConnectionAccess@5a48da4f] for (non-JTA) DDL execution was not in auto-commit mode; the Connection 'local transaction' will be committed and the Connection will be set into auto-commit mode.
18:11:35.278 [main] INFO  o.h.t.s.internal.SchemaCreatorImpl – HHH000476: Executing import script 'org.hibernate.tool.schema.internal.exec.ScriptSourceInputNonExistentImpl@7fcff1b9'
18:11:35.292 [main] WARN  o.hibernate.orm.connections.pooling – HHH10001002: Using Hibernate built-in connection pool (not for production use!)
18:11:35.305 [main] INFO  o.hibernate.orm.connections.pooling – HHH10001005: using driver [org.h2.Driver] at URL [jdbc:h2:mem:db_6]
18:11:35.305 [main] INFO  o.hibernate.orm.connections.pooling – HHH10001001: Connection properties: {}
18:11:35.305 [main] INFO  o.hibernate.orm.connections.pooling – HHH10001003: Autocommit mode: false
18:11:35.306 [main] INFO  o.h.e.j.c.i.DriverManagerConnectionProviderImpl – HHH000115: Hibernate connection pool size: 20 (min=1)
18:11:35.308 [main] INFO  org.hibernate.dialect.Dialect – HHH000400: Using dialect: org.hibernate.dialect.H2Dialect
18:11:35.360 [main] INFO  org.hibernate.orm.connections.access – HHH10001501: Connection obtained from JdbcConnectionAccess [org.hibernate.engine.jdbc.env.internal.JdbcEnvironmentInitiator$ConnectionProviderJdbcConnectionAccess@5785e813] for (non-JTA) DDL execution was not in auto-commit mode; the Connection 'local transaction' will be committed and the Connection will be set into auto-commit mode.
18:11:35.362 [main] INFO  org.hibernate.orm.connections.access – HHH10001501: Connection obtained from JdbcConnectionAccess [org.hibernate.engine.jdbc.env.internal.JdbcEnvironmentInitiator$ConnectionProviderJdbcConnectionAccess@10b8b900] for (non-JTA) DDL execution was not in auto-commit mode; the Connection 'local transaction' will be committed and the Connection will be set into auto-commit mode.
18:11:35.364 [main] INFO  o.h.t.s.internal.SchemaCreatorImpl – HHH000476: Executing import script 'org.hibernate.tool.schema.internal.exec.ScriptSourceInputNonExistentImpl@7fcff1b9'
18:11:35.370 [main] WARN  o.hibernate.orm.connections.pooling – HHH10001002: Using Hibernate built-in connection pool (not for production use!)
18:11:35.370 [main] INFO  o.hibernate.orm.connections.pooling – HHH10001005: using driver [org.h2.Driver] at URL [jdbc:h2:mem:db_7]
18:11:35.370 [main] INFO  o.hibernate.orm.connections.pooling – HHH10001001: Connection properties: {}
18:11:35.370 [main] INFO  o.hibernate.orm.connections.pooling – HHH10001003: Autocommit mode: false
18:11:35.370 [main] INFO  o.h.e.j.c.i.DriverManagerConnectionProviderImpl – HHH000115: Hibernate connection pool size: 20 (min=1)
18:11:35.385 [main] INFO  org.hibernate.dialect.Dialect – HHH000400: Using dialect: org.hibernate.dialect.H2Dialect
18:11:35.405 [main] INFO  org.hibernate.orm.connections.access – HHH10001501: Connection obtained from JdbcConnectionAccess [org.hibernate.engine.jdbc.env.internal.JdbcEnvironmentInitiator$ConnectionProviderJdbcConnectionAccess@79252c83] for (non-JTA) DDL execution was not in auto-commit mode; the Connection 'local transaction' will be committed and the Connection will be set into auto-commit mode.
18:11:35.406 [main] INFO  org.hibernate.orm.connections.access – HHH10001501: Connection obtained from JdbcConnectionAccess [org.hibernate.engine.jdbc.env.internal.JdbcEnvironmentInitiator$ConnectionProviderJdbcConnectionAccess@6fbf5db2] for (non-JTA) DDL execution was not in auto-commit mode; the Connection 'local transaction' will be committed and the Connection will be set into auto-commit mode.
18:11:35.410 [main] INFO  o.h.t.s.internal.SchemaCreatorImpl – HHH000476: Executing import script 'org.hibernate.tool.schema.internal.exec.ScriptSourceInputNonExistentImpl@7fcff1b9'
18:11:35.415 [main] WARN  o.hibernate.orm.connections.pooling – HHH10001002: Using Hibernate built-in connection pool (not for production use!)
18:11:35.422 [main] INFO  o.hibernate.orm.connections.pooling – HHH10001005: using driver [org.h2.Driver] at URL [jdbc:h2:mem:db_8]
18:11:35.422 [main] INFO  o.hibernate.orm.connections.pooling – HHH10001001: Connection properties: {}
18:11:35.422 [main] INFO  o.hibernate.orm.connections.pooling – HHH10001003: Autocommit mode: false
18:11:35.422 [main] INFO  o.h.e.j.c.i.DriverManagerConnectionProviderImpl – HHH000115: Hibernate connection pool size: 20 (min=1)
18:11:35.438 [main] INFO  org.hibernate.dialect.Dialect – HHH000400: Using dialect: org.hibernate.dialect.H2Dialect
18:11:35.454 [main] INFO  org.hibernate.orm.connections.access – HHH10001501: Connection obtained from JdbcConnectionAccess [org.hibernate.engine.jdbc.env.internal.JdbcEnvironmentInitiator$ConnectionProviderJdbcConnectionAccess@48f2054d] for (non-JTA) DDL execution was not in auto-commit mode; the Connection 'local transaction' will be committed and the Connection will be set into auto-commit mode.
18:11:35.456 [main] INFO  org.hibernate.orm.connections.access – HHH10001501: Connection obtained from JdbcConnectionAccess [org.hibernate.engine.jdbc.env.internal.JdbcEnvironmentInitiator$ConnectionProviderJdbcConnectionAccess@4b3a01d8] for (non-JTA) DDL execution was not in auto-commit mode; the Connection 'local transaction' will be committed and the Connection will be set into auto-commit mode.
18:11:35.457 [main] INFO  o.h.t.s.internal.SchemaCreatorImpl – HHH000476: Executing import script 'org.hibernate.tool.schema.internal.exec.ScriptSourceInputNonExistentImpl@7fcff1b9'
18:11:35.462 [main] WARN  o.hibernate.orm.connections.pooling – HHH10001002: Using Hibernate built-in connection pool (not for production use!)
18:11:35.462 [main] INFO  o.hibernate.orm.connections.pooling – HHH10001005: using driver [org.h2.Driver] at URL [jdbc:h2:mem:db_9]
18:11:35.464 [main] INFO  o.hibernate.orm.connections.pooling – HHH10001001: Connection properties: {}
18:11:35.464 [main] INFO  o.hibernate.orm.connections.pooling – HHH10001003: Autocommit mode: false
18:11:35.464 [main] INFO  o.h.e.j.c.i.DriverManagerConnectionProviderImpl – HHH000115: Hibernate connection pool size: 20 (min=1)
18:11:35.485 [main] INFO  org.hibernate.dialect.Dialect – HHH000400: Using dialect: org.hibernate.dialect.H2Dialect
18:11:35.508 [main] INFO  org.hibernate.orm.connections.access – HHH10001501: Connection obtained from JdbcConnectionAccess [org.hibernate.engine.jdbc.env.internal.JdbcEnvironmentInitiator$ConnectionProviderJdbcConnectionAccess@22f8adc2] for (non-JTA) DDL execution was not in auto-commit mode; the Connection 'local transaction' will be committed and the Connection will be set into auto-commit mode.
18:11:35.517 [main] INFO  org.hibernate.orm.connections.access – HHH10001501: Connection obtained from JdbcConnectionAccess [org.hibernate.engine.jdbc.env.internal.JdbcEnvironmentInitiator$ConnectionProviderJdbcConnectionAccess@69d103f0] for (non-JTA) DDL execution was not in auto-commit mode; the Connection 'local transaction' will be committed and the Connection will be set into auto-commit mode.
18:11:35.518 [main] INFO  o.h.t.s.internal.SchemaCreatorImpl – HHH000476: Executing import script 'org.hibernate.tool.schema.internal.exec.ScriptSourceInputNonExistentImpl@7fcff1b9'
18:11:35.529 [main] WARN  o.hibernate.orm.connections.pooling – HHH10001002: Using Hibernate built-in connection pool (not for production use!)
18:11:35.534 [main] INFO  o.hibernate.orm.connections.pooling – HHH10001005: using driver [org.h2.Driver] at URL [jdbc:h2:mem:db_10]
18:11:35.534 [main] INFO  o.hibernate.orm.connections.pooling – HHH10001001: Connection properties: {}
18:11:35.534 [main] INFO  o.hibernate.orm.connections.pooling – HHH10001003: Autocommit mode: false
18:11:35.535 [main] INFO  o.h.e.j.c.i.DriverManagerConnectionProviderImpl – HHH000115: Hibernate connection pool size: 20 (min=1)
18:11:35.549 [main] INFO  org.hibernate.dialect.Dialect – HHH000400: Using dialect: org.hibernate.dialect.H2Dialect
18:11:35.570 [main] INFO  org.hibernate.orm.connections.access – HHH10001501: Connection obtained from JdbcConnectionAccess [org.hibernate.engine.jdbc.env.internal.JdbcEnvironmentInitiator$ConnectionProviderJdbcConnectionAccess@55421b8d] for (non-JTA) DDL execution was not in auto-commit mode; the Connection 'local transaction' will be committed and the Connection will be set into auto-commit mode.
18:11:35.571 [main] INFO  org.hibernate.orm.connections.access – HHH10001501: Connection obtained from JdbcConnectionAccess [org.hibernate.engine.jdbc.env.internal.JdbcEnvironmentInitiator$ConnectionProviderJdbcConnectionAccess@24a04257] for (non-JTA) DDL execution was not in auto-commit mode; the Connection 'local transaction' will be committed and the Connection will be set into auto-commit mode.
18:11:35.579 [main] INFO  o.h.t.s.internal.SchemaCreatorImpl – HHH000476: Executing import script 'org.hibernate.tool.schema.internal.exec.ScriptSourceInputNonExistentImpl@7fcff1b9'
18:11:35.598 [main] WARN  o.hibernate.orm.connections.pooling – HHH10001002: Using Hibernate built-in connection pool (not for production use!)
18:11:35.599 [main] INFO  o.hibernate.orm.connections.pooling – HHH10001005: using driver [org.h2.Driver] at URL [jdbc:h2:mem:db_11]
18:11:35.599 [main] INFO  o.hibernate.orm.connections.pooling – HHH10001001: Connection properties: {}
18:11:35.599 [main] INFO  o.hibernate.orm.connections.pooling – HHH10001003: Autocommit mode: false
18:11:35.599 [main] INFO  o.h.e.j.c.i.DriverManagerConnectionProviderImpl – HHH000115: Hibernate connection pool size: 20 (min=1)
18:11:35.612 [main] INFO  org.hibernate.dialect.Dialect – HHH000400: Using dialect: org.hibernate.dialect.H2Dialect
18:11:35.623 [main] INFO  org.hibernate.orm.connections.access – HHH10001501: Connection obtained from JdbcConnectionAccess [org.hibernate.engine.jdbc.env.internal.JdbcEnvironmentInitiator$ConnectionProviderJdbcConnectionAccess@2ccc9681] for (non-JTA) DDL execution was not in auto-commit mode; the Connection 'local transaction' will be committed and the Connection will be set into auto-commit mode.
18:11:35.624 [main] INFO  org.hibernate.orm.connections.access – HHH10001501: Connection obtained from JdbcConnectionAccess [org.hibernate.engine.jdbc.env.internal.JdbcEnvironmentInitiator$ConnectionProviderJdbcConnectionAccess@7d401cdc] for (non-JTA) DDL execution was not in auto-commit mode; the Connection 'local transaction' will be committed and the Connection will be set into auto-commit mode.
18:11:35.625 [main] INFO  o.h.t.s.internal.SchemaCreatorImpl – HHH000476: Executing import script 'org.hibernate.tool.schema.internal.exec.ScriptSourceInputNonExistentImpl@7fcff1b9'
18:11:35.629 [main] WARN  o.hibernate.orm.connections.pooling – HHH10001002: Using Hibernate built-in connection pool (not for production use!)
18:11:35.629 [main] INFO  o.hibernate.orm.connections.pooling – HHH10001005: using driver [org.h2.Driver] at URL [jdbc:h2:mem:db_12]
18:11:35.629 [main] INFO  o.hibernate.orm.connections.pooling – HHH10001001: Connection properties: {}
18:11:35.629 [main] INFO  o.hibernate.orm.connections.pooling – HHH10001003: Autocommit mode: false
18:11:35.630 [main] INFO  o.h.e.j.c.i.DriverManagerConnectionProviderImpl – HHH000115: Hibernate connection pool size: 20 (min=1)
18:11:35.645 [main] INFO  org.hibernate.dialect.Dialect – HHH000400: Using dialect: org.hibernate.dialect.H2Dialect
18:11:35.658 [main] INFO  org.hibernate.orm.connections.access – HHH10001501: Connection obtained from JdbcConnectionAccess [org.hibernate.engine.jdbc.env.internal.JdbcEnvironmentInitiator$ConnectionProviderJdbcConnectionAccess@1d1bf7bf] for (non-JTA) DDL execution was not in auto-commit mode; the Connection 'local transaction' will be committed and the Connection will be set into auto-commit mode.
18:11:35.658 [main] INFO  org.hibernate.orm.connections.access – HHH10001501: Connection obtained from JdbcConnectionAccess [org.hibernate.engine.jdbc.env.internal.JdbcEnvironmentInitiator$ConnectionProviderJdbcConnectionAccess@1182413a] for (non-JTA) DDL execution was not in auto-commit mode; the Connection 'local transaction' will be committed and the Connection will be set into auto-commit mode.
18:11:35.659 [main] INFO  o.h.t.s.internal.SchemaCreatorImpl – HHH000476: Executing import script 'org.hibernate.tool.schema.internal.exec.ScriptSourceInputNonExistentImpl@7fcff1b9'
18:11:35.665 [main] WARN  o.hibernate.orm.connections.pooling – HHH10001002: Using Hibernate built-in connection pool (not for production use!)
18:11:35.665 [main] INFO  o.hibernate.orm.connections.pooling – HHH10001005: using driver [org.h2.Driver] at URL [jdbc:h2:mem:db_13]
18:11:35.665 [main] INFO  o.hibernate.orm.connections.pooling – HHH10001001: Connection properties: {}
18:11:35.665 [main] INFO  o.hibernate.orm.connections.pooling – HHH10001003: Autocommit mode: false
18:11:35.666 [main] INFO  o.h.e.j.c.i.DriverManagerConnectionProviderImpl – HHH000115: Hibernate connection pool size: 20 (min=1)
18:11:35.678 [main] INFO  org.hibernate.dialect.Dialect – HHH000400: Using dialect: org.hibernate.dialect.H2Dialect
18:11:35.709 [main] INFO  org.hibernate.orm.connections.access – HHH10001501: Connection obtained from JdbcConnectionAccess [org.hibernate.engine.jdbc.env.internal.JdbcEnvironmentInitiator$ConnectionProviderJdbcConnectionAccess@2b098563] for (non-JTA) DDL execution was not in auto-commit mode; the Connection 'local transaction' will be committed and the Connection will be set into auto-commit mode.
18:11:35.710 [main] INFO  org.hibernate.orm.connections.access – HHH10001501: Connection obtained from JdbcConnectionAccess [org.hibernate.engine.jdbc.env.internal.JdbcEnvironmentInitiator$ConnectionProviderJdbcConnectionAccess@c758a2d] for (non-JTA) DDL execution was not in auto-commit mode; the Connection 'local transaction' will be committed and the Connection will be set into auto-commit mode.
18:11:35.715 [main] INFO  o.h.t.s.internal.SchemaCreatorImpl – HHH000476: Executing import script 'org.hibernate.tool.schema.internal.exec.ScriptSourceInputNonExistentImpl@7fcff1b9'
18:11:35.724 [main] WARN  o.hibernate.orm.connections.pooling – HHH10001002: Using Hibernate built-in connection pool (not for production use!)
18:11:35.729 [main] INFO  o.hibernate.orm.connections.pooling – HHH10001005: using driver [org.h2.Driver] at URL [jdbc:h2:mem:db_14]
18:11:35.729 [main] INFO  o.hibernate.orm.connections.pooling – HHH10001001: Connection properties: {}
18:11:35.730 [main] INFO  o.hibernate.orm.connections.pooling – HHH10001003: Autocommit mode: false
18:11:35.730 [main] INFO  o.h.e.j.c.i.DriverManagerConnectionProviderImpl – HHH000115: Hibernate connection pool size: 20 (min=1)
18:11:35.753 [main] INFO  org.hibernate.dialect.Dialect – HHH000400: Using dialect: org.hibernate.dialect.H2Dialect
18:11:35.782 [main] INFO  org.hibernate.orm.connections.access – HHH10001501: Connection obtained from JdbcConnectionAccess [org.hibernate.engine.jdbc.env.internal.JdbcEnvironmentInitiator$ConnectionProviderJdbcConnectionAccess@141aba65] for (non-JTA) DDL execution was not in auto-commit mode; the Connection 'local transaction' will be committed and the Connection will be set into auto-commit mode.
18:11:35.783 [main] INFO  org.hibernate.orm.connections.access – HHH10001501: Connection obtained from JdbcConnectionAccess [org.hibernate.engine.jdbc.env.internal.JdbcEnvironmentInitiator$ConnectionProviderJdbcConnectionAccess@3356ff58] for (non-JTA) DDL execution was not in auto-commit mode; the Connection 'local transaction' will be committed and the Connection will be set into auto-commit mode.
18:11:35.785 [main] INFO  o.h.t.s.internal.SchemaCreatorImpl – HHH000476: Executing import script 'org.hibernate.tool.schema.internal.exec.ScriptSourceInputNonExistentImpl@7fcff1b9'
18:11:35.804 [main] WARN  o.hibernate.orm.connections.pooling – HHH10001002: Using Hibernate built-in connection pool (not for production use!)
18:11:35.805 [main] INFO  o.hibernate.orm.connections.pooling – HHH10001005: using driver [org.h2.Driver] at URL [jdbc:h2:mem:db_15]
18:11:35.805 [main] INFO  o.hibernate.orm.connections.pooling – HHH10001001: Connection properties: {}
18:11:35.805 [main] INFO  o.hibernate.orm.connections.pooling – HHH10001003: Autocommit mode: false
18:11:35.805 [main] INFO  o.h.e.j.c.i.DriverManagerConnectionProviderImpl – HHH000115: Hibernate connection pool size: 20 (min=1)
18:11:35.806 [main] INFO  org.hibernate.dialect.Dialect – HHH000400: Using dialect: org.hibernate.dialect.H2Dialect
18:11:35.817 [main] INFO  org.hibernate.orm.connections.access – HHH10001501: Connection obtained from JdbcConnectionAccess [org.hibernate.engine.jdbc.env.internal.JdbcEnvironmentInitiator$ConnectionProviderJdbcConnectionAccess@30dd00b6] for (non-JTA) DDL execution was not in auto-commit mode; the Connection 'local transaction' will be committed and the Connection will be set into auto-commit mode.
18:11:35.827 [main] INFO  org.hibernate.orm.connections.access – HHH10001501: Connection obtained from JdbcConnectionAccess [org.hibernate.engine.jdbc.env.internal.JdbcEnvironmentInitiator$ConnectionProviderJdbcConnectionAccess@4656fcc5] for (non-JTA) DDL execution was not in auto-commit mode; the Connection 'local transaction' will be committed and the Connection will be set into auto-commit mode.
18:11:35.828 [main] INFO  o.h.t.s.internal.SchemaCreatorImpl – HHH000476: Executing import script 'org.hibernate.tool.schema.internal.exec.ScriptSourceInputNonExistentImpl@7fcff1b9'
18:11:35.828 [main] INFO  i.d.sharding.sharding.ShardManager – Buckets to shard allocation: [[0..61]=0, [62..123]=1, [124..185]=2, [186..247]=3, [248..309]=4, [310..371]=5, [372..433]=6, [434..495]=7, [496..557]=8, [558..619]=9, [620..681]=10, [682..743]=11, [744..805]=12, [806..867]=13, [868..929]=14, [930..999]=15]
18:11:35.844 [main] INFO  o.hibernate.orm.connections.pooling – HHH10001008: Cleaning up connection pool [jdbc:h2:mem:db_0]
18:11:35.850 [main] ERROR o.h.e.j.c.i.DriverManagerConnectionProviderImpl – Connection leak detected: there are 6 unclosed connections upon shutting down pool jdbc:h2:mem:db_0
18:11:35.851 [main] INFO  o.hibernate.orm.connections.pooling – HHH10001008: Cleaning up connection pool [jdbc:h2:mem:db_1]
18:11:35.851 [main] ERROR o.h.e.j.c.i.DriverManagerConnectionProviderImpl – Connection leak detected: there are 6 unclosed connections upon shutting down pool jdbc:h2:mem:db_1
18:11:35.851 [main] INFO  o.hibernate.orm.connections.pooling – HHH10001008: Cleaning up connection pool [jdbc:h2:mem:db_2]
18:11:35.852 [main] ERROR o.h.e.j.c.i.DriverManagerConnectionProviderImpl – Connection leak detected: there are 6 unclosed connections upon shutting down pool jdbc:h2:mem:db_2
18:11:35.852 [main] INFO  o.hibernate.orm.connections.pooling – HHH10001008: Cleaning up connection pool [jdbc:h2:mem:db_3]
18:11:35.853 [main] ERROR o.h.e.j.c.i.DriverManagerConnectionProviderImpl – Connection leak detected: there are 6 unclosed connections upon shutting down pool jdbc:h2:mem:db_3
18:11:35.856 [main] INFO  o.hibernate.orm.connections.pooling – HHH10001008: Cleaning up connection pool [jdbc:h2:mem:db_4]
18:11:35.856 [main] ERROR o.h.e.j.c.i.DriverManagerConnectionProviderImpl – Connection leak detected: there are 6 unclosed connections upon shutting down pool jdbc:h2:mem:db_4
18:11:35.856 [main] INFO  o.hibernate.orm.connections.pooling – HHH10001008: Cleaning up connection pool [jdbc:h2:mem:db_5]
18:11:35.857 [main] ERROR o.h.e.j.c.i.DriverManagerConnectionProviderImpl – Connection leak detected: there are 6 unclosed connections upon shutting down pool jdbc:h2:mem:db_5
18:11:35.857 [main] INFO  o.hibernate.orm.connections.pooling – HHH10001008: Cleaning up connection pool [jdbc:h2:mem:db_6]
18:11:35.857 [main] ERROR o.h.e.j.c.i.DriverManagerConnectionProviderImpl – Connection leak detected: there are 6 unclosed connections upon shutting down pool jdbc:h2:mem:db_6
18:11:35.858 [main] INFO  o.hibernate.orm.connections.pooling – HHH10001008: Cleaning up connection pool [jdbc:h2:mem:db_7]
18:11:35.858 [main] ERROR o.h.e.j.c.i.DriverManagerConnectionProviderImpl – Connection leak detected: there are 6 unclosed connections upon shutting down pool jdbc:h2:mem:db_7
18:11:35.858 [main] INFO  o.hibernate.orm.connections.pooling – HHH10001008: Cleaning up connection pool [jdbc:h2:mem:db_8]
18:11:35.858 [main] ERROR o.h.e.j.c.i.DriverManagerConnectionProviderImpl – Connection leak detected: there are 6 unclosed connections upon shutting down pool jdbc:h2:mem:db_8
18:11:35.859 [main] INFO  o.hibernate.orm.connections.pooling – HHH10001008: Cleaning up connection pool [jdbc:h2:mem:db_9]
18:11:35.859 [main] ERROR o.h.e.j.c.i.DriverManagerConnectionProviderImpl – Connection leak detected: there are 6 unclosed connections upon shutting down pool jdbc:h2:mem:db_9
18:11:35.859 [main] INFO  o.hibernate.orm.connections.pooling – HHH10001008: Cleaning up connection pool [jdbc:h2:mem:db_10]
18:11:35.863 [main] ERROR o.h.e.j.c.i.DriverManagerConnectionProviderImpl – Connection leak detected: there are 6 unclosed connections upon shutting down pool jdbc:h2:mem:db_10
18:11:35.864 [main] INFO  o.hibernate.orm.connections.pooling – HHH10001008: Cleaning up connection pool [jdbc:h2:mem:db_11]
18:11:35.864 [main] ERROR o.h.e.j.c.i.DriverManagerConnectionProviderImpl – Connection leak detected: there are 6 unclosed connections upon shutting down pool jdbc:h2:mem:db_11
18:11:35.864 [main] INFO  o.hibernate.orm.connections.pooling – HHH10001008: Cleaning up connection pool [jdbc:h2:mem:db_12]
18:11:35.866 [main] ERROR o.h.e.j.c.i.DriverManagerConnectionProviderImpl – Connection leak detected: there are 6 unclosed connections upon shutting down pool jdbc:h2:mem:db_12
18:11:35.867 [main] INFO  o.hibernate.orm.connections.pooling – HHH10001008: Cleaning up connection pool [jdbc:h2:mem:db_13]
18:11:35.867 [main] ERROR o.h.e.j.c.i.DriverManagerConnectionProviderImpl – Connection leak detected: there are 6 unclosed connections upon shutting down pool jdbc:h2:mem:db_13
18:11:35.868 [main] INFO  o.hibernate.orm.connections.pooling – HHH10001008: Cleaning up connection pool [jdbc:h2:mem:db_14]
18:11:35.868 [main] ERROR o.h.e.j.c.i.DriverManagerConnectionProviderImpl – Connection leak detected: there are 6 unclosed connections upon shutting down pool jdbc:h2:mem:db_14
18:11:35.869 [main] INFO  o.hibernate.orm.connections.pooling – HHH10001008: Cleaning up connection pool [jdbc:h2:mem:db_15]
18:11:35.870 [main] ERROR o.h.e.j.c.i.DriverManagerConnectionProviderImpl – Connection leak detected: there are 6 unclosed connections upon shutting down pool jdbc:h2:mem:db_15
Tests run: 1, Failures: 0, Errors: 0, Skipped: 0, Time elapsed: 0.898 sec - in io.dropwizard.sharding.dao.RelationalDaoTest
Running io.dropwizard.sharding.dao.WrapperDaoTest
18:11:35.917 [main] WARN  o.hibernate.orm.connections.pooling – HHH10001002: Using Hibernate built-in connection pool (not for production use!)
18:11:35.919 [main] INFO  o.hibernate.orm.connections.pooling – HHH10001005: using driver [org.h2.Driver] at URL [jdbc:h2:mem:db_0]
18:11:35.919 [main] INFO  o.hibernate.orm.connections.pooling – HHH10001001: Connection properties: {}
18:11:35.919 [main] INFO  o.hibernate.orm.connections.pooling – HHH10001003: Autocommit mode: false
18:11:35.919 [main] INFO  o.h.e.j.c.i.DriverManagerConnectionProviderImpl – HHH000115: Hibernate connection pool size: 20 (min=1)
18:11:35.919 [main] INFO  org.hibernate.dialect.Dialect – HHH000400: Using dialect: org.hibernate.dialect.H2Dialect
18:11:36.072 [main] INFO  org.hibernate.orm.connections.access – HHH10001501: Connection obtained from JdbcConnectionAccess [org.hibernate.engine.jdbc.env.internal.JdbcEnvironmentInitiator$ConnectionProviderJdbcConnectionAccess@77c692b4] for (non-JTA) DDL execution was not in auto-commit mode; the Connection 'local transaction' will be committed and the Connection will be set into auto-commit mode.
18:11:36.072 [main] INFO  org.hibernate.orm.connections.access – HHH10001501: Connection obtained from JdbcConnectionAccess [org.hibernate.engine.jdbc.env.internal.JdbcEnvironmentInitiator$ConnectionProviderJdbcConnectionAccess@5fa0141f] for (non-JTA) DDL execution was not in auto-commit mode; the Connection 'local transaction' will be committed and the Connection will be set into auto-commit mode.
18:11:36.078 [main] INFO  o.h.t.s.internal.SchemaCreatorImpl – HHH000476: Executing import script 'org.hibernate.tool.schema.internal.exec.ScriptSourceInputNonExistentImpl@7fcff1b9'
18:11:36.098 [main] WARN  o.hibernate.orm.connections.pooling – HHH10001002: Using Hibernate built-in connection pool (not for production use!)
18:11:36.098 [main] INFO  o.hibernate.orm.connections.pooling – HHH10001005: using driver [org.h2.Driver] at URL [jdbc:h2:mem:db_1]
18:11:36.098 [main] INFO  o.hibernate.orm.connections.pooling – HHH10001001: Connection properties: {}
18:11:36.098 [main] INFO  o.hibernate.orm.connections.pooling – HHH10001003: Autocommit mode: false
18:11:36.099 [main] INFO  o.h.e.j.c.i.DriverManagerConnectionProviderImpl – HHH000115: Hibernate connection pool size: 20 (min=1)
18:11:36.113 [main] INFO  org.hibernate.dialect.Dialect – HHH000400: Using dialect: org.hibernate.dialect.H2Dialect
18:11:36.159 [main] INFO  org.hibernate.orm.connections.access – HHH10001501: Connection obtained from JdbcConnectionAccess [org.hibernate.engine.jdbc.env.internal.JdbcEnvironmentInitiator$ConnectionProviderJdbcConnectionAccess@311a0b3e] for (non-JTA) DDL execution was not in auto-commit mode; the Connection 'local transaction' will be committed and the Connection will be set into auto-commit mode.
18:11:36.163 [main] INFO  org.hibernate.orm.connections.access – HHH10001501: Connection obtained from JdbcConnectionAccess [org.hibernate.engine.jdbc.env.internal.JdbcEnvironmentInitiator$ConnectionProviderJdbcConnectionAccess@3de8f85c] for (non-JTA) DDL execution was not in auto-commit mode; the Connection 'local transaction' will be committed and the Connection will be set into auto-commit mode.
18:11:36.166 [main] INFO  o.h.t.s.internal.SchemaCreatorImpl – HHH000476: Executing import script 'org.hibernate.tool.schema.internal.exec.ScriptSourceInputNonExistentImpl@7fcff1b9'
18:11:36.167 [main] INFO  i.d.sharding.sharding.ShardManager – Buckets to shard allocation: [[0..498]=0, [499..999]=1]
18:11:36.408 [main] INFO  o.hibernate.orm.connections.pooling – HHH10001008: Cleaning up connection pool [jdbc:h2:mem:db_0]
18:11:36.409 [main] ERROR o.h.e.j.c.i.DriverManagerConnectionProviderImpl – Connection leak detected: there are 6 unclosed connections upon shutting down pool jdbc:h2:mem:db_0
18:11:36.409 [main] INFO  o.hibernate.orm.connections.pooling – HHH10001008: Cleaning up connection pool [jdbc:h2:mem:db_1]
18:11:36.414 [main] ERROR o.h.e.j.c.i.DriverManagerConnectionProviderImpl – Connection leak detected: there are 6 unclosed connections upon shutting down pool jdbc:h2:mem:db_1
Tests run: 1, Failures: 0, Errors: 0, Skipped: 0, Time elapsed: 0.532 sec - in io.dropwizard.sharding.dao.WrapperDaoTest
Running io.dropwizard.sharding.dao.LookupDaoTest
18:11:36.425 [main] WARN  o.hibernate.orm.connections.pooling – HHH10001002: Using Hibernate built-in connection pool (not for production use!)
18:11:36.432 [main] INFO  o.hibernate.orm.connections.pooling – HHH10001005: using driver [org.h2.Driver] at URL [jdbc:h2:mem:db_0]
18:11:36.435 [main] INFO  o.hibernate.orm.connections.pooling – HHH10001001: Connection properties: {}
18:11:36.435 [main] INFO  o.hibernate.orm.connections.pooling – HHH10001003: Autocommit mode: false
18:11:36.435 [main] INFO  o.h.e.j.c.i.DriverManagerConnectionProviderImpl – HHH000115: Hibernate connection pool size: 20 (min=1)
18:11:36.449 [main] INFO  org.hibernate.dialect.Dialect – HHH000400: Using dialect: org.hibernate.dialect.H2Dialect
18:11:36.560 [main] INFO  org.hibernate.orm.connections.access – HHH10001501: Connection obtained from JdbcConnectionAccess [org.hibernate.engine.jdbc.env.internal.JdbcEnvironmentInitiator$ConnectionProviderJdbcConnectionAccess@2d73767e] for (non-JTA) DDL execution was not in auto-commit mode; the Connection 'local transaction' will be committed and the Connection will be set into auto-commit mode.
18:11:36.561 [main] INFO  org.hibernate.orm.connections.access – HHH10001501: Connection obtained from JdbcConnectionAccess [org.hibernate.engine.jdbc.env.internal.JdbcEnvironmentInitiator$ConnectionProviderJdbcConnectionAccess@5e6522a6] for (non-JTA) DDL execution was not in auto-commit mode; the Connection 'local transaction' will be committed and the Connection will be set into auto-commit mode.
18:11:36.570 [main] INFO  o.h.t.s.internal.SchemaCreatorImpl – HHH000476: Executing import script 'org.hibernate.tool.schema.internal.exec.ScriptSourceInputNonExistentImpl@7fcff1b9'
18:11:36.588 [main] WARN  o.hibernate.orm.connections.pooling – HHH10001002: Using Hibernate built-in connection pool (not for production use!)
18:11:36.588 [main] INFO  o.hibernate.orm.connections.pooling – HHH10001005: using driver [org.h2.Driver] at URL [jdbc:h2:mem:db_1]
18:11:36.589 [main] INFO  o.hibernate.orm.connections.pooling – HHH10001001: Connection properties: {}
18:11:36.590 [main] INFO  o.hibernate.orm.connections.pooling – HHH10001003: Autocommit mode: false
18:11:36.590 [main] INFO  o.h.e.j.c.i.DriverManagerConnectionProviderImpl – HHH000115: Hibernate connection pool size: 20 (min=1)
18:11:36.593 [main] INFO  org.hibernate.dialect.Dialect – HHH000400: Using dialect: org.hibernate.dialect.H2Dialect
18:11:36.675 [main] INFO  org.hibernate.orm.connections.access – HHH10001501: Connection obtained from JdbcConnectionAccess [org.hibernate.engine.jdbc.env.internal.JdbcEnvironmentInitiator$ConnectionProviderJdbcConnectionAccess@5b88af70] for (non-JTA) DDL execution was not in auto-commit mode; the Connection 'local transaction' will be committed and the Connection will be set into auto-commit mode.
18:11:36.689 [main] INFO  org.hibernate.orm.connections.access – HHH10001501: Connection obtained from JdbcConnectionAccess [org.hibernate.engine.jdbc.env.internal.JdbcEnvironmentInitiator$ConnectionProviderJdbcConnectionAccess@2739ecc0] for (non-JTA) DDL execution was not in auto-commit mode; the Connection 'local transaction' will be committed and the Connection will be set into auto-commit mode.
18:11:36.693 [main] INFO  o.h.t.s.internal.SchemaCreatorImpl – HHH000476: Executing import script 'org.hibernate.tool.schema.internal.exec.ScriptSourceInputNonExistentImpl@7fcff1b9'
18:11:36.701 [main] INFO  i.d.sharding.sharding.ShardManager – Buckets to shard allocation: [[0..498]=0, [499..999]=1]
18:11:36.740 [main] INFO  o.hibernate.orm.connections.pooling – HHH10001008: Cleaning up connection pool [jdbc:h2:mem:db_0]
18:11:36.740 [main] ERROR o.h.e.j.c.i.DriverManagerConnectionProviderImpl – Connection leak detected: there are 6 unclosed connections upon shutting down pool jdbc:h2:mem:db_0
18:11:36.740 [main] INFO  o.hibernate.orm.connections.pooling – HHH10001008: Cleaning up connection pool [jdbc:h2:mem:db_1]
18:11:36.741 [main] ERROR o.h.e.j.c.i.DriverManagerConnectionProviderImpl – Connection leak detected: there are 6 unclosed connections upon shutting down pool jdbc:h2:mem:db_1
18:11:36.747 [main] WARN  o.hibernate.orm.connections.pooling – HHH10001002: Using Hibernate built-in connection pool (not for production use!)
18:11:36.747 [main] INFO  o.hibernate.orm.connections.pooling – HHH10001005: using driver [org.h2.Driver] at URL [jdbc:h2:mem:db_0]
18:11:36.747 [main] INFO  o.hibernate.orm.connections.pooling – HHH10001001: Connection properties: {}
18:11:36.747 [main] INFO  o.hibernate.orm.connections.pooling – HHH10001003: Autocommit mode: false
18:11:36.748 [main] INFO  o.h.e.j.c.i.DriverManagerConnectionProviderImpl – HHH000115: Hibernate connection pool size: 20 (min=1)
18:11:36.761 [main] INFO  org.hibernate.dialect.Dialect – HHH000400: Using dialect: org.hibernate.dialect.H2Dialect
18:11:36.820 [main] INFO  org.hibernate.orm.connections.access – HHH10001501: Connection obtained from JdbcConnectionAccess [org.hibernate.engine.jdbc.env.internal.JdbcEnvironmentInitiator$ConnectionProviderJdbcConnectionAccess@5d7ff311] for (non-JTA) DDL execution was not in auto-commit mode; the Connection 'local transaction' will be committed and the Connection will be set into auto-commit mode.
18:11:36.825 [main] INFO  org.hibernate.orm.connections.access – HHH10001501: Connection obtained from JdbcConnectionAccess [org.hibernate.engine.jdbc.env.internal.JdbcEnvironmentInitiator$ConnectionProviderJdbcConnectionAccess@2d7aa291] for (non-JTA) DDL execution was not in auto-commit mode; the Connection 'local transaction' will be committed and the Connection will be set into auto-commit mode.
18:11:36.830 [main] INFO  o.h.t.s.internal.SchemaCreatorImpl – HHH000476: Executing import script 'org.hibernate.tool.schema.internal.exec.ScriptSourceInputNonExistentImpl@7fcff1b9'
18:11:36.835 [main] WARN  o.hibernate.orm.connections.pooling – HHH10001002: Using Hibernate built-in connection pool (not for production use!)
18:11:36.849 [main] INFO  o.hibernate.orm.connections.pooling – HHH10001005: using driver [org.h2.Driver] at URL [jdbc:h2:mem:db_1]
18:11:36.849 [main] INFO  o.hibernate.orm.connections.pooling – HHH10001001: Connection properties: {}
18:11:36.849 [main] INFO  o.hibernate.orm.connections.pooling – HHH10001003: Autocommit mode: false
18:11:36.849 [main] INFO  o.h.e.j.c.i.DriverManagerConnectionProviderImpl – HHH000115: Hibernate connection pool size: 20 (min=1)
18:11:36.850 [main] INFO  org.hibernate.dialect.Dialect – HHH000400: Using dialect: org.hibernate.dialect.H2Dialect
18:11:36.907 [main] INFO  org.hibernate.orm.connections.access – HHH10001501: Connection obtained from JdbcConnectionAccess [org.hibernate.engine.jdbc.env.internal.JdbcEnvironmentInitiator$ConnectionProviderJdbcConnectionAccess@3ef089ce] for (non-JTA) DDL execution was not in auto-commit mode; the Connection 'local transaction' will be committed and the Connection will be set into auto-commit mode.
18:11:36.908 [main] INFO  org.hibernate.orm.connections.access – HHH10001501: Connection obtained from JdbcConnectionAccess [org.hibernate.engine.jdbc.env.internal.JdbcEnvironmentInitiator$ConnectionProviderJdbcConnectionAccess@3340ce58] for (non-JTA) DDL execution was not in auto-commit mode; the Connection 'local transaction' will be committed and the Connection will be set into auto-commit mode.
18:11:36.927 [main] INFO  o.h.t.s.internal.SchemaCreatorImpl – HHH000476: Executing import script 'org.hibernate.tool.schema.internal.exec.ScriptSourceInputNonExistentImpl@7fcff1b9'
18:11:36.927 [main] INFO  i.d.sharding.sharding.ShardManager – Buckets to shard allocation: [[0..498]=0, [499..999]=1]
18:11:36.928 [main] DEBUG io.dropwizard.sharding.dao.LookupDao – Saving entity of type TestEntity with key testId to shard 0
18:11:36.958 [main] WARN  org.hibernate.orm.deprecation – HHH90000022: Hibernate's legacy org.hibernate.Criteria API is deprecated; use the JPA javax.persistence.criteria.CriteriaQuery instead
18:11:36.960 [main] WARN  org.hibernate.orm.deprecation – HHH90000022: Hibernate's legacy org.hibernate.Criteria API is deprecated; use the JPA javax.persistence.criteria.CriteriaQuery instead
18:11:36.962 [main] WARN  org.hibernate.orm.deprecation – HHH90000022: Hibernate's legacy org.hibernate.Criteria API is deprecated; use the JPA javax.persistence.criteria.CriteriaQuery instead
18:11:36.963 [main] DEBUG io.dropwizard.sharding.dao.LookupDao – Saving entity of type TestEntity with key testId to shard 0
18:11:36.973 [main] WARN  org.hibernate.orm.deprecation – HHH90000022: Hibernate's legacy org.hibernate.Criteria API is deprecated; use the JPA javax.persistence.criteria.CriteriaQuery instead
18:11:36.975 [main] WARN  org.hibernate.orm.deprecation – HHH90000022: Hibernate's legacy org.hibernate.Criteria API is deprecated; use the JPA javax.persistence.criteria.CriteriaQuery instead
18:11:36.979 [main] WARN  org.hibernate.orm.deprecation – HHH90000022: Hibernate's legacy org.hibernate.Criteria API is deprecated; use the JPA javax.persistence.criteria.CriteriaQuery instead
18:11:36.981 [main] WARN  org.hibernate.orm.deprecation – HHH90000022: Hibernate's legacy org.hibernate.Criteria API is deprecated; use the JPA javax.persistence.criteria.CriteriaQuery instead
18:11:36.982 [main] INFO  o.hibernate.orm.connections.pooling – HHH10001008: Cleaning up connection pool [jdbc:h2:mem:db_0]
18:11:36.987 [main] ERROR o.h.e.j.c.i.DriverManagerConnectionProviderImpl – Connection leak detected: there are 6 unclosed connections upon shutting down pool jdbc:h2:mem:db_0
18:11:36.987 [main] INFO  o.hibernate.orm.connections.pooling – HHH10001008: Cleaning up connection pool [jdbc:h2:mem:db_1]
18:11:36.987 [main] ERROR o.h.e.j.c.i.DriverManagerConnectionProviderImpl – Connection leak detected: there are 6 unclosed connections upon shutting down pool jdbc:h2:mem:db_1
18:11:36.992 [main] WARN  o.hibernate.orm.connections.pooling – HHH10001002: Using Hibernate built-in connection pool (not for production use!)
18:11:37.005 [main] INFO  o.hibernate.orm.connections.pooling – HHH10001005: using driver [org.h2.Driver] at URL [jdbc:h2:mem:db_0]
18:11:37.005 [main] INFO  o.hibernate.orm.connections.pooling – HHH10001001: Connection properties: {}
18:11:37.005 [main] INFO  o.hibernate.orm.connections.pooling – HHH10001003: Autocommit mode: false
18:11:37.005 [main] INFO  o.h.e.j.c.i.DriverManagerConnectionProviderImpl – HHH000115: Hibernate connection pool size: 20 (min=1)
18:11:37.006 [main] INFO  org.hibernate.dialect.Dialect – HHH000400: Using dialect: org.hibernate.dialect.H2Dialect
18:11:37.056 [main] INFO  org.hibernate.orm.connections.access – HHH10001501: Connection obtained from JdbcConnectionAccess [org.hibernate.engine.jdbc.env.internal.JdbcEnvironmentInitiator$ConnectionProviderJdbcConnectionAccess@379b4e86] for (non-JTA) DDL execution was not in auto-commit mode; the Connection 'local transaction' will be committed and the Connection will be set into auto-commit mode.
18:11:37.059 [main] INFO  org.hibernate.orm.connections.access – HHH10001501: Connection obtained from JdbcConnectionAccess [org.hibernate.engine.jdbc.env.internal.JdbcEnvironmentInitiator$ConnectionProviderJdbcConnectionAccess@5f4df55e] for (non-JTA) DDL execution was not in auto-commit mode; the Connection 'local transaction' will be committed and the Connection will be set into auto-commit mode.
18:11:37.078 [main] INFO  o.h.t.s.internal.SchemaCreatorImpl – HHH000476: Executing import script 'org.hibernate.tool.schema.internal.exec.ScriptSourceInputNonExistentImpl@7fcff1b9'
18:11:37.083 [main] WARN  o.hibernate.orm.connections.pooling – HHH10001002: Using Hibernate built-in connection pool (not for production use!)
18:11:37.083 [main] INFO  o.hibernate.orm.connections.pooling – HHH10001005: using driver [org.h2.Driver] at URL [jdbc:h2:mem:db_1]
18:11:37.083 [main] INFO  o.hibernate.orm.connections.pooling – HHH10001001: Connection properties: {}
18:11:37.083 [main] INFO  o.hibernate.orm.connections.pooling – HHH10001003: Autocommit mode: false
18:11:37.083 [main] INFO  o.h.e.j.c.i.DriverManagerConnectionProviderImpl – HHH000115: Hibernate connection pool size: 20 (min=1)
18:11:37.097 [main] INFO  org.hibernate.dialect.Dialect – HHH000400: Using dialect: org.hibernate.dialect.H2Dialect
18:11:37.138 [main] INFO  org.hibernate.orm.connections.access – HHH10001501: Connection obtained from JdbcConnectionAccess [org.hibernate.engine.jdbc.env.internal.JdbcEnvironmentInitiator$ConnectionProviderJdbcConnectionAccess@3bc3d70e] for (non-JTA) DDL execution was not in auto-commit mode; the Connection 'local transaction' will be committed and the Connection will be set into auto-commit mode.
18:11:37.141 [main] INFO  org.hibernate.orm.connections.access – HHH10001501: Connection obtained from JdbcConnectionAccess [org.hibernate.engine.jdbc.env.internal.JdbcEnvironmentInitiator$ConnectionProviderJdbcConnectionAccess@78bce1c4] for (non-JTA) DDL execution was not in auto-commit mode; the Connection 'local transaction' will be committed and the Connection will be set into auto-commit mode.
18:11:37.146 [main] INFO  o.h.t.s.internal.SchemaCreatorImpl – HHH000476: Executing import script 'org.hibernate.tool.schema.internal.exec.ScriptSourceInputNonExistentImpl@7fcff1b9'
18:11:37.146 [main] INFO  i.d.sharding.sharding.ShardManager – Buckets to shard allocation: [[0..498]=0, [499..999]=1]
18:11:37.165 [main] DEBUG io.dropwizard.sharding.dao.LookupDao – Saving entity of type TestEntity with key testId to shard 0
18:11:37.169 [main] INFO  o.hibernate.orm.connections.pooling – HHH10001008: Cleaning up connection pool [jdbc:h2:mem:db_0]
18:11:37.170 [main] ERROR o.h.e.j.c.i.DriverManagerConnectionProviderImpl – Connection leak detected: there are 6 unclosed connections upon shutting down pool jdbc:h2:mem:db_0
18:11:37.170 [main] INFO  o.hibernate.orm.connections.pooling – HHH10001008: Cleaning up connection pool [jdbc:h2:mem:db_1]
18:11:37.170 [main] ERROR o.h.e.j.c.i.DriverManagerConnectionProviderImpl – Connection leak detected: there are 6 unclosed connections upon shutting down pool jdbc:h2:mem:db_1
18:11:37.175 [main] WARN  o.hibernate.orm.connections.pooling – HHH10001002: Using Hibernate built-in connection pool (not for production use!)
18:11:37.175 [main] INFO  o.hibernate.orm.connections.pooling – HHH10001005: using driver [org.h2.Driver] at URL [jdbc:h2:mem:db_0]
18:11:37.175 [main] INFO  o.hibernate.orm.connections.pooling – HHH10001001: Connection properties: {}
18:11:37.175 [main] INFO  o.hibernate.orm.connections.pooling – HHH10001003: Autocommit mode: false
18:11:37.175 [main] INFO  o.h.e.j.c.i.DriverManagerConnectionProviderImpl – HHH000115: Hibernate connection pool size: 20 (min=1)
18:11:37.186 [main] INFO  org.hibernate.dialect.Dialect – HHH000400: Using dialect: org.hibernate.dialect.H2Dialect
18:11:37.227 [main] INFO  org.hibernate.orm.connections.access – HHH10001501: Connection obtained from JdbcConnectionAccess [org.hibernate.engine.jdbc.env.internal.JdbcEnvironmentInitiator$ConnectionProviderJdbcConnectionAccess@6b6c0b7c] for (non-JTA) DDL execution was not in auto-commit mode; the Connection 'local transaction' will be committed and the Connection will be set into auto-commit mode.
18:11:37.230 [main] INFO  org.hibernate.orm.connections.access – HHH10001501: Connection obtained from JdbcConnectionAccess [org.hibernate.engine.jdbc.env.internal.JdbcEnvironmentInitiator$ConnectionProviderJdbcConnectionAccess@5b1f0f26] for (non-JTA) DDL execution was not in auto-commit mode; the Connection 'local transaction' will be committed and the Connection will be set into auto-commit mode.
18:11:37.238 [main] INFO  o.h.t.s.internal.SchemaCreatorImpl – HHH000476: Executing import script 'org.hibernate.tool.schema.internal.exec.ScriptSourceInputNonExistentImpl@7fcff1b9'
18:11:37.259 [main] WARN  o.hibernate.orm.connections.pooling – HHH10001002: Using Hibernate built-in connection pool (not for production use!)
18:11:37.260 [main] INFO  o.hibernate.orm.connections.pooling – HHH10001005: using driver [org.h2.Driver] at URL [jdbc:h2:mem:db_1]
18:11:37.260 [main] INFO  o.hibernate.orm.connections.pooling – HHH10001001: Connection properties: {}
18:11:37.260 [main] INFO  o.hibernate.orm.connections.pooling – HHH10001003: Autocommit mode: false
18:11:37.260 [main] INFO  o.h.e.j.c.i.DriverManagerConnectionProviderImpl – HHH000115: Hibernate connection pool size: 20 (min=1)
18:11:37.260 [main] INFO  org.hibernate.dialect.Dialect – HHH000400: Using dialect: org.hibernate.dialect.H2Dialect
18:11:37.298 [main] INFO  org.hibernate.orm.connections.access – HHH10001501: Connection obtained from JdbcConnectionAccess [org.hibernate.engine.jdbc.env.internal.JdbcEnvironmentInitiator$ConnectionProviderJdbcConnectionAccess@30d5fc1b] for (non-JTA) DDL execution was not in auto-commit mode; the Connection 'local transaction' will be committed and the Connection will be set into auto-commit mode.
18:11:37.316 [main] INFO  org.hibernate.orm.connections.access – HHH10001501: Connection obtained from JdbcConnectionAccess [org.hibernate.engine.jdbc.env.internal.JdbcEnvironmentInitiator$ConnectionProviderJdbcConnectionAccess@7957aa57] for (non-JTA) DDL execution was not in auto-commit mode; the Connection 'local transaction' will be committed and the Connection will be set into auto-commit mode.
18:11:37.328 [main] INFO  o.h.t.s.internal.SchemaCreatorImpl – HHH000476: Executing import script 'org.hibernate.tool.schema.internal.exec.ScriptSourceInputNonExistentImpl@7fcff1b9'
18:11:37.328 [main] INFO  i.d.sharding.sharding.ShardManager – Buckets to shard allocation: [[0..498]=0, [499..999]=1]
18:11:37.344 [main] DEBUG io.dropwizard.sharding.dao.LookupDao – Saving entity of type TestEntity with key testId1 to shard 0
18:11:37.352 [main] DEBUG io.dropwizard.sharding.dao.LookupDao – Saving entity of type TestEntity with key testId2 to shard 1
18:11:37.355 [main] INFO  o.hibernate.orm.connections.pooling – HHH10001008: Cleaning up connection pool [jdbc:h2:mem:db_0]
18:11:37.367 [main] ERROR o.h.e.j.c.i.DriverManagerConnectionProviderImpl – Connection leak detected: there are 6 unclosed connections upon shutting down pool jdbc:h2:mem:db_0
18:11:37.367 [main] INFO  o.hibernate.orm.connections.pooling – HHH10001008: Cleaning up connection pool [jdbc:h2:mem:db_1]
18:11:37.367 [main] ERROR o.h.e.j.c.i.DriverManagerConnectionProviderImpl – Connection leak detected: there are 6 unclosed connections upon shutting down pool jdbc:h2:mem:db_1
18:11:37.372 [main] WARN  o.hibernate.orm.connections.pooling – HHH10001002: Using Hibernate built-in connection pool (not for production use!)
18:11:37.372 [main] INFO  o.hibernate.orm.connections.pooling – HHH10001005: using driver [org.h2.Driver] at URL [jdbc:h2:mem:db_0]
18:11:37.372 [main] INFO  o.hibernate.orm.connections.pooling – HHH10001001: Connection properties: {}
18:11:37.372 [main] INFO  o.hibernate.orm.connections.pooling – HHH10001003: Autocommit mode: false
18:11:37.373 [main] INFO  o.h.e.j.c.i.DriverManagerConnectionProviderImpl – HHH000115: Hibernate connection pool size: 20 (min=1)
18:11:37.387 [main] INFO  org.hibernate.dialect.Dialect – HHH000400: Using dialect: org.hibernate.dialect.H2Dialect
18:11:37.424 [main] INFO  org.hibernate.orm.connections.access – HHH10001501: Connection obtained from JdbcConnectionAccess [org.hibernate.engine.jdbc.env.internal.JdbcEnvironmentInitiator$ConnectionProviderJdbcConnectionAccess@6aa18912] for (non-JTA) DDL execution was not in auto-commit mode; the Connection 'local transaction' will be committed and the Connection will be set into auto-commit mode.
18:11:37.427 [main] INFO  org.hibernate.orm.connections.access – HHH10001501: Connection obtained from JdbcConnectionAccess [org.hibernate.engine.jdbc.env.internal.JdbcEnvironmentInitiator$ConnectionProviderJdbcConnectionAccess@5c20505f] for (non-JTA) DDL execution was not in auto-commit mode; the Connection 'local transaction' will be committed and the Connection will be set into auto-commit mode.
18:11:37.439 [main] INFO  o.h.t.s.internal.SchemaCreatorImpl – HHH000476: Executing import script 'org.hibernate.tool.schema.internal.exec.ScriptSourceInputNonExistentImpl@7fcff1b9'
18:11:37.444 [main] WARN  o.hibernate.orm.connections.pooling – HHH10001002: Using Hibernate built-in connection pool (not for production use!)
18:11:37.444 [main] INFO  o.hibernate.orm.connections.pooling – HHH10001005: using driver [org.h2.Driver] at URL [jdbc:h2:mem:db_1]
18:11:37.444 [main] INFO  o.hibernate.orm.connections.pooling – HHH10001001: Connection properties: {}
18:11:37.444 [main] INFO  o.hibernate.orm.connections.pooling – HHH10001003: Autocommit mode: false
18:11:37.444 [main] INFO  o.h.e.j.c.i.DriverManagerConnectionProviderImpl – HHH000115: Hibernate connection pool size: 20 (min=1)
18:11:37.457 [main] INFO  org.hibernate.dialect.Dialect – HHH000400: Using dialect: org.hibernate.dialect.H2Dialect
18:11:37.504 [main] INFO  org.hibernate.orm.connections.access – HHH10001501: Connection obtained from JdbcConnectionAccess [org.hibernate.engine.jdbc.env.internal.JdbcEnvironmentInitiator$ConnectionProviderJdbcConnectionAccess@16e84d93] for (non-JTA) DDL execution was not in auto-commit mode; the Connection 'local transaction' will be committed and the Connection will be set into auto-commit mode.
18:11:37.506 [main] INFO  org.hibernate.orm.connections.access – HHH10001501: Connection obtained from JdbcConnectionAccess [org.hibernate.engine.jdbc.env.internal.JdbcEnvironmentInitiator$ConnectionProviderJdbcConnectionAccess@2a7b5925] for (non-JTA) DDL execution was not in auto-commit mode; the Connection 'local transaction' will be committed and the Connection will be set into auto-commit mode.
18:11:37.523 [main] INFO  o.h.t.s.internal.SchemaCreatorImpl – HHH000476: Executing import script 'org.hibernate.tool.schema.internal.exec.ScriptSourceInputNonExistentImpl@7fcff1b9'
18:11:37.523 [main] INFO  i.d.sharding.sharding.ShardManager – Buckets to shard allocation: [[0..498]=0, [499..999]=1]
18:11:37.524 [main] DEBUG io.dropwizard.sharding.dao.LookupDao – Saving entity of type Phone with key 9830968020 to shard 0
18:11:37.528 [main] WARN  org.hibernate.orm.deprecation – HHH90000022: Hibernate's legacy org.hibernate.Criteria API is deprecated; use the JPA javax.persistence.criteria.CriteriaQuery instead
18:11:37.532 [main] WARN  org.hibernate.orm.deprecation – HHH90000022: Hibernate's legacy org.hibernate.Criteria API is deprecated; use the JPA javax.persistence.criteria.CriteriaQuery instead
18:11:37.533 [main] WARN  org.hibernate.orm.deprecation – HHH90000022: Hibernate's legacy org.hibernate.Criteria API is deprecated; use the JPA javax.persistence.criteria.CriteriaQuery instead
18:11:37.534 [main] WARN  org.hibernate.orm.deprecation – HHH90000022: Hibernate's legacy org.hibernate.Criteria API is deprecated; use the JPA javax.persistence.criteria.CriteriaQuery instead
18:11:37.566 [main] INFO  o.hibernate.orm.connections.pooling – HHH10001008: Cleaning up connection pool [jdbc:h2:mem:db_0]
18:11:37.567 [main] ERROR o.h.e.j.c.i.DriverManagerConnectionProviderImpl – Connection leak detected: there are 6 unclosed connections upon shutting down pool jdbc:h2:mem:db_0
18:11:37.567 [main] INFO  o.hibernate.orm.connections.pooling – HHH10001008: Cleaning up connection pool [jdbc:h2:mem:db_1]
18:11:37.567 [main] ERROR o.h.e.j.c.i.DriverManagerConnectionProviderImpl – Connection leak detected: there are 6 unclosed connections upon shutting down pool jdbc:h2:mem:db_1
Tests run: 5, Failures: 0, Errors: 0, Skipped: 0, Time elapsed: 1.144 sec - in io.dropwizard.sharding.dao.LookupDaoTest
Running io.dropwizard.sharding.dao.CacheableLookupDaoTest
18:11:37.576 [main] WARN  o.hibernate.orm.connections.pooling – HHH10001002: Using Hibernate built-in connection pool (not for production use!)
18:11:37.576 [main] INFO  o.hibernate.orm.connections.pooling – HHH10001005: using driver [org.h2.Driver] at URL [jdbc:h2:mem:db_0]
18:11:37.576 [main] INFO  o.hibernate.orm.connections.pooling – HHH10001001: Connection properties: {}
18:11:37.576 [main] INFO  o.hibernate.orm.connections.pooling – HHH10001003: Autocommit mode: false
18:11:37.576 [main] INFO  o.h.e.j.c.i.DriverManagerConnectionProviderImpl – HHH000115: Hibernate connection pool size: 20 (min=1)
18:11:37.588 [main] INFO  org.hibernate.dialect.Dialect – HHH000400: Using dialect: org.hibernate.dialect.H2Dialect
18:11:37.634 [main] INFO  org.hibernate.orm.connections.access – HHH10001501: Connection obtained from JdbcConnectionAccess [org.hibernate.engine.jdbc.env.internal.JdbcEnvironmentInitiator$ConnectionProviderJdbcConnectionAccess@2262bc86] for (non-JTA) DDL execution was not in auto-commit mode; the Connection 'local transaction' will be committed and the Connection will be set into auto-commit mode.
18:11:37.635 [main] INFO  org.hibernate.orm.connections.access – HHH10001501: Connection obtained from JdbcConnectionAccess [org.hibernate.engine.jdbc.env.internal.JdbcEnvironmentInitiator$ConnectionProviderJdbcConnectionAccess@3872867d] for (non-JTA) DDL execution was not in auto-commit mode; the Connection 'local transaction' will be committed and the Connection will be set into auto-commit mode.
18:11:37.642 [main] INFO  o.h.t.s.internal.SchemaCreatorImpl – HHH000476: Executing import script 'org.hibernate.tool.schema.internal.exec.ScriptSourceInputNonExistentImpl@7fcff1b9'
18:11:37.646 [main] WARN  o.hibernate.orm.connections.pooling – HHH10001002: Using Hibernate built-in connection pool (not for production use!)
18:11:37.661 [main] INFO  o.hibernate.orm.connections.pooling – HHH10001005: using driver [org.h2.Driver] at URL [jdbc:h2:mem:db_1]
18:11:37.661 [main] INFO  o.hibernate.orm.connections.pooling – HHH10001001: Connection properties: {}
18:11:37.661 [main] INFO  o.hibernate.orm.connections.pooling – HHH10001003: Autocommit mode: false
18:11:37.662 [main] INFO  o.h.e.j.c.i.DriverManagerConnectionProviderImpl – HHH000115: Hibernate connection pool size: 20 (min=1)
18:11:37.667 [main] INFO  org.hibernate.dialect.Dialect – HHH000400: Using dialect: org.hibernate.dialect.H2Dialect
18:11:37.707 [main] INFO  org.hibernate.orm.connections.access – HHH10001501: Connection obtained from JdbcConnectionAccess [org.hibernate.engine.jdbc.env.internal.JdbcEnvironmentInitiator$ConnectionProviderJdbcConnectionAccess@3fb42ec7] for (non-JTA) DDL execution was not in auto-commit mode; the Connection 'local transaction' will be committed and the Connection will be set into auto-commit mode.
18:11:37.708 [main] INFO  org.hibernate.orm.connections.access – HHH10001501: Connection obtained from JdbcConnectionAccess [org.hibernate.engine.jdbc.env.internal.JdbcEnvironmentInitiator$ConnectionProviderJdbcConnectionAccess@1f7b1d6a] for (non-JTA) DDL execution was not in auto-commit mode; the Connection 'local transaction' will be committed and the Connection will be set into auto-commit mode.
18:11:37.721 [main] INFO  o.h.t.s.internal.SchemaCreatorImpl – HHH000476: Executing import script 'org.hibernate.tool.schema.internal.exec.ScriptSourceInputNonExistentImpl@7fcff1b9'
18:11:37.722 [main] INFO  i.d.sharding.sharding.ShardManager – Buckets to shard allocation: [[0..498]=0, [499..999]=1]
18:11:37.753 [main] INFO  o.hibernate.orm.connections.pooling – HHH10001008: Cleaning up connection pool [jdbc:h2:mem:db_0]
18:11:37.754 [main] ERROR o.h.e.j.c.i.DriverManagerConnectionProviderImpl – Connection leak detected: there are 6 unclosed connections upon shutting down pool jdbc:h2:mem:db_0
18:11:37.754 [main] INFO  o.hibernate.orm.connections.pooling – HHH10001008: Cleaning up connection pool [jdbc:h2:mem:db_1]
18:11:37.769 [main] ERROR o.h.e.j.c.i.DriverManagerConnectionProviderImpl – Connection leak detected: there are 6 unclosed connections upon shutting down pool jdbc:h2:mem:db_1
18:11:37.773 [main] WARN  o.hibernate.orm.connections.pooling – HHH10001002: Using Hibernate built-in connection pool (not for production use!)
18:11:37.774 [main] INFO  o.hibernate.orm.connections.pooling – HHH10001005: using driver [org.h2.Driver] at URL [jdbc:h2:mem:db_0]
18:11:37.774 [main] INFO  o.hibernate.orm.connections.pooling – HHH10001001: Connection properties: {}
18:11:37.774 [main] INFO  o.hibernate.orm.connections.pooling – HHH10001003: Autocommit mode: false
18:11:37.774 [main] INFO  o.h.e.j.c.i.DriverManagerConnectionProviderImpl – HHH000115: Hibernate connection pool size: 20 (min=1)
18:11:37.774 [main] INFO  org.hibernate.dialect.Dialect – HHH000400: Using dialect: org.hibernate.dialect.H2Dialect
18:11:37.812 [main] INFO  org.hibernate.orm.connections.access – HHH10001501: Connection obtained from JdbcConnectionAccess [org.hibernate.engine.jdbc.env.internal.JdbcEnvironmentInitiator$ConnectionProviderJdbcConnectionAccess@5c59dfc7] for (non-JTA) DDL execution was not in auto-commit mode; the Connection 'local transaction' will be committed and the Connection will be set into auto-commit mode.
18:11:37.813 [main] INFO  org.hibernate.orm.connections.access – HHH10001501: Connection obtained from JdbcConnectionAccess [org.hibernate.engine.jdbc.env.internal.JdbcEnvironmentInitiator$ConnectionProviderJdbcConnectionAccess@40ed4674] for (non-JTA) DDL execution was not in auto-commit mode; the Connection 'local transaction' will be committed and the Connection will be set into auto-commit mode.
18:11:37.819 [main] INFO  o.h.t.s.internal.SchemaCreatorImpl – HHH000476: Executing import script 'org.hibernate.tool.schema.internal.exec.ScriptSourceInputNonExistentImpl@7fcff1b9'
18:11:37.822 [main] WARN  o.hibernate.orm.connections.pooling – HHH10001002: Using Hibernate built-in connection pool (not for production use!)
18:11:37.827 [main] INFO  o.hibernate.orm.connections.pooling – HHH10001005: using driver [org.h2.Driver] at URL [jdbc:h2:mem:db_1]
18:11:37.827 [main] INFO  o.hibernate.orm.connections.pooling – HHH10001001: Connection properties: {}
18:11:37.828 [main] INFO  o.hibernate.orm.connections.pooling – HHH10001003: Autocommit mode: false
18:11:37.828 [main] INFO  o.h.e.j.c.i.DriverManagerConnectionProviderImpl – HHH000115: Hibernate connection pool size: 20 (min=1)
18:11:37.838 [main] INFO  org.hibernate.dialect.Dialect – HHH000400: Using dialect: org.hibernate.dialect.H2Dialect
18:11:37.881 [main] INFO  org.hibernate.orm.connections.access – HHH10001501: Connection obtained from JdbcConnectionAccess [org.hibernate.engine.jdbc.env.internal.JdbcEnvironmentInitiator$ConnectionProviderJdbcConnectionAccess@fe337] for (non-JTA) DDL execution was not in auto-commit mode; the Connection 'local transaction' will be committed and the Connection will be set into auto-commit mode.
18:11:37.883 [main] INFO  org.hibernate.orm.connections.access – HHH10001501: Connection obtained from JdbcConnectionAccess [org.hibernate.engine.jdbc.env.internal.JdbcEnvironmentInitiator$ConnectionProviderJdbcConnectionAccess@356cb230] for (non-JTA) DDL execution was not in auto-commit mode; the Connection 'local transaction' will be committed and the Connection will be set into auto-commit mode.
18:11:37.887 [main] INFO  o.h.t.s.internal.SchemaCreatorImpl – HHH000476: Executing import script 'org.hibernate.tool.schema.internal.exec.ScriptSourceInputNonExistentImpl@7fcff1b9'
18:11:37.887 [main] INFO  i.d.sharding.sharding.ShardManager – Buckets to shard allocation: [[0..498]=0, [499..999]=1]
18:11:37.889 [main] DEBUG io.dropwizard.sharding.dao.LookupDao – Saving entity of type TestEntity with key testId to shard 0
18:11:37.896 [main] WARN  org.hibernate.orm.deprecation – HHH90000022: Hibernate's legacy org.hibernate.Criteria API is deprecated; use the JPA javax.persistence.criteria.CriteriaQuery instead
18:11:37.897 [main] DEBUG io.dropwizard.sharding.dao.LookupDao – Saving entity of type TestEntity with key testId to shard 0
18:11:37.899 [main] WARN  org.hibernate.orm.deprecation – HHH90000022: Hibernate's legacy org.hibernate.Criteria API is deprecated; use the JPA javax.persistence.criteria.CriteriaQuery instead
18:11:37.915 [main] WARN  org.hibernate.orm.deprecation – HHH90000022: Hibernate's legacy org.hibernate.Criteria API is deprecated; use the JPA javax.persistence.criteria.CriteriaQuery instead
18:11:37.918 [main] WARN  org.hibernate.orm.deprecation – HHH90000022: Hibernate's legacy org.hibernate.Criteria API is deprecated; use the JPA javax.persistence.criteria.CriteriaQuery instead
18:11:37.918 [main] INFO  o.hibernate.orm.connections.pooling – HHH10001008: Cleaning up connection pool [jdbc:h2:mem:db_0]
18:11:37.919 [main] ERROR o.h.e.j.c.i.DriverManagerConnectionProviderImpl – Connection leak detected: there are 6 unclosed connections upon shutting down pool jdbc:h2:mem:db_0
18:11:37.919 [main] INFO  o.hibernate.orm.connections.pooling – HHH10001008: Cleaning up connection pool [jdbc:h2:mem:db_1]
18:11:37.919 [main] ERROR o.h.e.j.c.i.DriverManagerConnectionProviderImpl – Connection leak detected: there are 6 unclosed connections upon shutting down pool jdbc:h2:mem:db_1
18:11:37.926 [main] WARN  o.hibernate.orm.connections.pooling – HHH10001002: Using Hibernate built-in connection pool (not for production use!)
18:11:37.930 [main] INFO  o.hibernate.orm.connections.pooling – HHH10001005: using driver [org.h2.Driver] at URL [jdbc:h2:mem:db_0]
18:11:37.930 [main] INFO  o.hibernate.orm.connections.pooling – HHH10001001: Connection properties: {}
18:11:37.930 [main] INFO  o.hibernate.orm.connections.pooling – HHH10001003: Autocommit mode: false
18:11:37.930 [main] INFO  o.h.e.j.c.i.DriverManagerConnectionProviderImpl – HHH000115: Hibernate connection pool size: 20 (min=1)
18:11:37.939 [main] INFO  org.hibernate.dialect.Dialect – HHH000400: Using dialect: org.hibernate.dialect.H2Dialect
18:11:37.977 [main] INFO  org.hibernate.orm.connections.access – HHH10001501: Connection obtained from JdbcConnectionAccess [org.hibernate.engine.jdbc.env.internal.JdbcEnvironmentInitiator$ConnectionProviderJdbcConnectionAccess@2c6553c6] for (non-JTA) DDL execution was not in auto-commit mode; the Connection 'local transaction' will be committed and the Connection will be set into auto-commit mode.
18:11:37.978 [main] INFO  org.hibernate.orm.connections.access – HHH10001501: Connection obtained from JdbcConnectionAccess [org.hibernate.engine.jdbc.env.internal.JdbcEnvironmentInitiator$ConnectionProviderJdbcConnectionAccess@59ac60d1] for (non-JTA) DDL execution was not in auto-commit mode; the Connection 'local transaction' will be committed and the Connection will be set into auto-commit mode.
18:11:37.991 [main] INFO  o.h.t.s.internal.SchemaCreatorImpl – HHH000476: Executing import script 'org.hibernate.tool.schema.internal.exec.ScriptSourceInputNonExistentImpl@7fcff1b9'
18:11:37.995 [main] WARN  o.hibernate.orm.connections.pooling – HHH10001002: Using Hibernate built-in connection pool (not for production use!)
18:11:37.996 [main] INFO  o.hibernate.orm.connections.pooling – HHH10001005: using driver [org.h2.Driver] at URL [jdbc:h2:mem:db_1]
18:11:37.996 [main] INFO  o.hibernate.orm.connections.pooling – HHH10001001: Connection properties: {}
18:11:37.997 [main] INFO  o.hibernate.orm.connections.pooling – HHH10001003: Autocommit mode: false
18:11:37.997 [main] INFO  o.h.e.j.c.i.DriverManagerConnectionProviderImpl – HHH000115: Hibernate connection pool size: 20 (min=1)
18:11:38.013 [main] INFO  org.hibernate.dialect.Dialect – HHH000400: Using dialect: org.hibernate.dialect.H2Dialect
18:11:38.036 [main] INFO  org.hibernate.orm.connections.access – HHH10001501: Connection obtained from JdbcConnectionAccess [org.hibernate.engine.jdbc.env.internal.JdbcEnvironmentInitiator$ConnectionProviderJdbcConnectionAccess@507e3e77] for (non-JTA) DDL execution was not in auto-commit mode; the Connection 'local transaction' will be committed and the Connection will be set into auto-commit mode.
18:11:38.038 [main] INFO  org.hibernate.orm.connections.access – HHH10001501: Connection obtained from JdbcConnectionAccess [org.hibernate.engine.jdbc.env.internal.JdbcEnvironmentInitiator$ConnectionProviderJdbcConnectionAccess@73796ae5] for (non-JTA) DDL execution was not in auto-commit mode; the Connection 'local transaction' will be committed and the Connection will be set into auto-commit mode.
18:11:38.056 [main] INFO  o.h.t.s.internal.SchemaCreatorImpl – HHH000476: Executing import script 'org.hibernate.tool.schema.internal.exec.ScriptSourceInputNonExistentImpl@7fcff1b9'
18:11:38.056 [main] INFO  i.d.sharding.sharding.ShardManager – Buckets to shard allocation: [[0..498]=0, [499..999]=1]
18:11:38.059 [main] DEBUG io.dropwizard.sharding.dao.LookupDao – Saving entity of type TestEntity with key testId to shard 0
18:11:38.061 [main] INFO  o.hibernate.orm.connections.pooling – HHH10001008: Cleaning up connection pool [jdbc:h2:mem:db_0]
18:11:38.062 [main] ERROR o.h.e.j.c.i.DriverManagerConnectionProviderImpl – Connection leak detected: there are 6 unclosed connections upon shutting down pool jdbc:h2:mem:db_0
18:11:38.062 [main] INFO  o.hibernate.orm.connections.pooling – HHH10001008: Cleaning up connection pool [jdbc:h2:mem:db_1]
18:11:38.063 [main] ERROR o.h.e.j.c.i.DriverManagerConnectionProviderImpl – Connection leak detected: there are 6 unclosed connections upon shutting down pool jdbc:h2:mem:db_1
18:11:38.068 [main] WARN  o.hibernate.orm.connections.pooling – HHH10001002: Using Hibernate built-in connection pool (not for production use!)
18:11:38.069 [main] INFO  o.hibernate.orm.connections.pooling – HHH10001005: using driver [org.h2.Driver] at URL [jdbc:h2:mem:db_0]
18:11:38.073 [main] INFO  o.hibernate.orm.connections.pooling – HHH10001001: Connection properties: {}
18:11:38.073 [main] INFO  o.hibernate.orm.connections.pooling – HHH10001003: Autocommit mode: false
18:11:38.074 [main] INFO  o.h.e.j.c.i.DriverManagerConnectionProviderImpl – HHH000115: Hibernate connection pool size: 20 (min=1)
18:11:38.074 [main] INFO  org.hibernate.dialect.Dialect – HHH000400: Using dialect: org.hibernate.dialect.H2Dialect
18:11:38.106 [main] INFO  org.hibernate.orm.connections.access – HHH10001501: Connection obtained from JdbcConnectionAccess [org.hibernate.engine.jdbc.env.internal.JdbcEnvironmentInitiator$ConnectionProviderJdbcConnectionAccess@2c9af700] for (non-JTA) DDL execution was not in auto-commit mode; the Connection 'local transaction' will be committed and the Connection will be set into auto-commit mode.
18:11:38.122 [main] INFO  org.hibernate.orm.connections.access – HHH10001501: Connection obtained from JdbcConnectionAccess [org.hibernate.engine.jdbc.env.internal.JdbcEnvironmentInitiator$ConnectionProviderJdbcConnectionAccess@29897daf] for (non-JTA) DDL execution was not in auto-commit mode; the Connection 'local transaction' will be committed and the Connection will be set into auto-commit mode.
18:11:38.124 [main] INFO  o.h.t.s.internal.SchemaCreatorImpl – HHH000476: Executing import script 'org.hibernate.tool.schema.internal.exec.ScriptSourceInputNonExistentImpl@7fcff1b9'
18:11:38.128 [main] WARN  o.hibernate.orm.connections.pooling – HHH10001002: Using Hibernate built-in connection pool (not for production use!)
18:11:38.128 [main] INFO  o.hibernate.orm.connections.pooling – HHH10001005: using driver [org.h2.Driver] at URL [jdbc:h2:mem:db_1]
18:11:38.129 [main] INFO  o.hibernate.orm.connections.pooling – HHH10001001: Connection properties: {}
18:11:38.129 [main] INFO  o.hibernate.orm.connections.pooling – HHH10001003: Autocommit mode: false
18:11:38.129 [main] INFO  o.h.e.j.c.i.DriverManagerConnectionProviderImpl – HHH000115: Hibernate connection pool size: 20 (min=1)
18:11:38.139 [main] INFO  org.hibernate.dialect.Dialect – HHH000400: Using dialect: org.hibernate.dialect.H2Dialect
18:11:38.169 [main] INFO  org.hibernate.orm.connections.access – HHH10001501: Connection obtained from JdbcConnectionAccess [org.hibernate.engine.jdbc.env.internal.JdbcEnvironmentInitiator$ConnectionProviderJdbcConnectionAccess@639c5ab4] for (non-JTA) DDL execution was not in auto-commit mode; the Connection 'local transaction' will be committed and the Connection will be set into auto-commit mode.
18:11:38.170 [main] INFO  org.hibernate.orm.connections.access – HHH10001501: Connection obtained from JdbcConnectionAccess [org.hibernate.engine.jdbc.env.internal.JdbcEnvironmentInitiator$ConnectionProviderJdbcConnectionAccess@272cec71] for (non-JTA) DDL execution was not in auto-commit mode; the Connection 'local transaction' will be committed and the Connection will be set into auto-commit mode.
18:11:38.173 [main] INFO  o.h.t.s.internal.SchemaCreatorImpl – HHH000476: Executing import script 'org.hibernate.tool.schema.internal.exec.ScriptSourceInputNonExistentImpl@7fcff1b9'
18:11:38.173 [main] INFO  i.d.sharding.sharding.ShardManager – Buckets to shard allocation: [[0..498]=0, [499..999]=1]
18:11:38.174 [main] DEBUG io.dropwizard.sharding.dao.LookupDao – Saving entity of type Phone with key 9830968020 to shard 0
18:11:38.176 [main] WARN  org.hibernate.orm.deprecation – HHH90000022: Hibernate's legacy org.hibernate.Criteria API is deprecated; use the JPA javax.persistence.criteria.CriteriaQuery instead
18:11:38.177 [main] WARN  org.hibernate.orm.deprecation – HHH90000022: Hibernate's legacy org.hibernate.Criteria API is deprecated; use the JPA javax.persistence.criteria.CriteriaQuery instead
18:11:38.183 [main] WARN  org.hibernate.orm.deprecation – HHH90000022: Hibernate's legacy org.hibernate.Criteria API is deprecated; use the JPA javax.persistence.criteria.CriteriaQuery instead
18:11:38.199 [main] INFO  o.hibernate.orm.connections.pooling – HHH10001008: Cleaning up connection pool [jdbc:h2:mem:db_0]
18:11:38.199 [main] ERROR o.h.e.j.c.i.DriverManagerConnectionProviderImpl – Connection leak detected: there are 6 unclosed connections upon shutting down pool jdbc:h2:mem:db_0
18:11:38.199 [main] INFO  o.hibernate.orm.connections.pooling – HHH10001008: Cleaning up connection pool [jdbc:h2:mem:db_1]
18:11:38.200 [main] ERROR o.h.e.j.c.i.DriverManagerConnectionProviderImpl – Connection leak detected: there are 6 unclosed connections upon shutting down pool jdbc:h2:mem:db_1
Tests run: 4, Failures: 0, Errors: 0, Skipped: 0, Time elapsed: 0.62 sec - in io.dropwizard.sharding.dao.CacheableLookupDaoTest
Running io.dropwizard.sharding.bundle.DBShardingBundleWithNamespaceTest
18:11:39.663 [main] INFO  i.d.sharding.sharding.ShardManager – Buckets to shard allocation: [[0..498]=0, [499..999]=1]
18:11:39.688 [main] INFO  i.d.hibernate.SessionFactoryFactory – Entity classes: [io.dropwizard.sharding.dao.testdata.entities.Order, io.dropwizard.sharding.dao.testdata.entities.OrderItem]
18:11:39.735 [main] INFO  org.hibernate.dialect.Dialect – HHH000400: Using dialect: org.hibernate.dialect.H2Dialect
18:11:39.767 [main] INFO  org.hibernate.type.BasicTypeRegistry – HHH000270: Type registration [java.util.Currency] overrides previous : org.hibernate.type.CurrencyType@3f6f26cb
18:11:39.767 [main] INFO  org.hibernate.type.BasicTypeRegistry – HHH000270: Type registration [java.time.Duration] overrides previous : org.hibernate.type.DurationType@40123014
18:11:39.768 [main] INFO  org.hibernate.type.BasicTypeRegistry – HHH000270: Type registration [java.time.Instant] overrides previous : org.hibernate.type.InstantType@3f634608
18:11:39.768 [main] INFO  org.hibernate.type.BasicTypeRegistry – HHH000270: Type registration [java.time.LocalDate] overrides previous : org.hibernate.type.LocalDateType@28bf7bea
18:11:39.768 [main] INFO  org.hibernate.type.BasicTypeRegistry – HHH000270: Type registration [java.time.LocalDateTime] overrides previous : org.hibernate.type.LocalDateTimeType@44881fcc
18:11:39.768 [main] INFO  org.hibernate.type.BasicTypeRegistry – HHH000270: Type registration [java.time.LocalTime] overrides previous : org.hibernate.type.LocalTimeType@7b2a6ed3
18:11:39.768 [main] INFO  org.hibernate.type.BasicTypeRegistry – HHH000270: Type registration [java.time.OffsetDateTime] overrides previous : org.hibernate.type.OffsetDateTimeType@28993a77
18:11:39.773 [main] INFO  org.hibernate.type.BasicTypeRegistry – HHH000270: Type registration [java.time.OffsetTime] overrides previous : org.hibernate.type.OffsetTimeType@2c6b36d7
18:11:39.773 [main] INFO  org.hibernate.type.BasicTypeRegistry – HHH000270: Type registration [java.time.ZonedDateTime] overrides previous : org.hibernate.type.ZonedDateTimeType@3f1485c3
18:11:39.813 [main] INFO  o.h.t.s.internal.SchemaCreatorImpl – HHH000476: Executing import script 'org.hibernate.tool.schema.internal.exec.ScriptSourceInputNonExistentImpl@7fcff1b9'
18:11:39.817 [main] INFO  i.d.hibernate.SessionFactoryFactory – Entity classes: [io.dropwizard.sharding.dao.testdata.entities.Order, io.dropwizard.sharding.dao.testdata.entities.OrderItem]
18:11:39.838 [main] INFO  org.hibernate.dialect.Dialect – HHH000400: Using dialect: org.hibernate.dialect.H2Dialect
18:11:39.864 [main] INFO  org.hibernate.type.BasicTypeRegistry – HHH000270: Type registration [java.util.Currency] overrides previous : org.hibernate.type.CurrencyType@3f6f26cb
18:11:39.865 [main] INFO  org.hibernate.type.BasicTypeRegistry – HHH000270: Type registration [java.time.Duration] overrides previous : org.hibernate.type.DurationType@40123014
18:11:39.865 [main] INFO  org.hibernate.type.BasicTypeRegistry – HHH000270: Type registration [java.time.Instant] overrides previous : org.hibernate.type.InstantType@3f634608
18:11:39.866 [main] INFO  org.hibernate.type.BasicTypeRegistry – HHH000270: Type registration [java.time.LocalDate] overrides previous : org.hibernate.type.LocalDateType@28bf7bea
18:11:39.866 [main] INFO  org.hibernate.type.BasicTypeRegistry – HHH000270: Type registration [java.time.LocalDateTime] overrides previous : org.hibernate.type.LocalDateTimeType@44881fcc
18:11:39.866 [main] INFO  org.hibernate.type.BasicTypeRegistry – HHH000270: Type registration [java.time.LocalTime] overrides previous : org.hibernate.type.LocalTimeType@7b2a6ed3
18:11:39.866 [main] INFO  org.hibernate.type.BasicTypeRegistry – HHH000270: Type registration [java.time.OffsetDateTime] overrides previous : org.hibernate.type.OffsetDateTimeType@28993a77
18:11:39.866 [main] INFO  org.hibernate.type.BasicTypeRegistry – HHH000270: Type registration [java.time.OffsetTime] overrides previous : org.hibernate.type.OffsetTimeType@2c6b36d7
18:11:39.866 [main] INFO  org.hibernate.type.BasicTypeRegistry – HHH000270: Type registration [java.time.ZonedDateTime] overrides previous : org.hibernate.type.ZonedDateTimeType@3f1485c3
18:11:39.894 [main] INFO  o.h.t.s.internal.SchemaCreatorImpl – HHH000476: Executing import script 'org.hibernate.tool.schema.internal.exec.ScriptSourceInputNonExistentImpl@7fcff1b9'
18:11:39.917 [main] INFO  o.h.e.i.StatisticalLoggingSessionEventListener – Session Metrics {
    73910 nanoseconds spent acquiring 2 JDBC connections;
    47166 nanoseconds spent releasing 2 JDBC connections;
    12316270 nanoseconds spent preparing 3 JDBC statements;
    491026 nanoseconds spent executing 3 JDBC statements;
    0 nanoseconds spent executing 0 JDBC batches;
    0 nanoseconds spent performing 0 L2C puts;
    0 nanoseconds spent performing 0 L2C hits;
    0 nanoseconds spent performing 0 L2C misses;
    393605 nanoseconds spent executing 1 flushes (flushing a total of 3 entities and 1 collections);
    0 nanoseconds spent executing 0 partial-flushes (flushing a total of 0 entities and 0 collections)
}
18:11:39.923 [main] INFO  o.h.e.i.StatisticalLoggingSessionEventListener – Session Metrics {
    39945 nanoseconds spent acquiring 2 JDBC connections;
    30752 nanoseconds spent releasing 2 JDBC connections;
    93292 nanoseconds spent preparing 1 JDBC statements;
    60802 nanoseconds spent executing 1 JDBC statements;
    0 nanoseconds spent executing 0 JDBC batches;
    0 nanoseconds spent performing 0 L2C puts;
    0 nanoseconds spent performing 0 L2C hits;
    0 nanoseconds spent performing 0 L2C misses;
    103694 nanoseconds spent executing 1 flushes (flushing a total of 1 entities and 1 collections);
    0 nanoseconds spent executing 0 partial-flushes (flushing a total of 0 entities and 0 collections)
}
18:11:39.932 [main] INFO  o.h.e.i.StatisticalLoggingSessionEventListener – Session Metrics {
    37209 nanoseconds spent acquiring 2 JDBC connections;
    120579 nanoseconds spent releasing 2 JDBC connections;
    391158 nanoseconds spent preparing 3 JDBC statements;
    288245 nanoseconds spent executing 3 JDBC statements;
    0 nanoseconds spent executing 0 JDBC batches;
    0 nanoseconds spent performing 0 L2C puts;
    0 nanoseconds spent performing 0 L2C hits;
    0 nanoseconds spent performing 0 L2C misses;
    3696566 nanoseconds spent executing 1 flushes (flushing a total of 3 entities and 1 collections);
    0 nanoseconds spent executing 0 partial-flushes (flushing a total of 0 entities and 0 collections)
}
18:11:39.932 [main] WARN  org.hibernate.orm.deprecation – HHH90000022: Hibernate's legacy org.hibernate.Criteria API is deprecated; use the JPA javax.persistence.criteria.CriteriaQuery instead
18:11:39.934 [main] INFO  o.h.e.i.StatisticalLoggingSessionEventListener – Session Metrics {
    36182 nanoseconds spent acquiring 2 JDBC connections;
    30455 nanoseconds spent releasing 2 JDBC connections;
    88476 nanoseconds spent preparing 1 JDBC statements;
    27013 nanoseconds spent executing 1 JDBC statements;
    0 nanoseconds spent executing 0 JDBC batches;
    0 nanoseconds spent performing 0 L2C puts;
    0 nanoseconds spent performing 0 L2C hits;
    0 nanoseconds spent performing 0 L2C misses;
    140868 nanoseconds spent executing 1 flushes (flushing a total of 1 entities and 1 collections);
    6922 nanoseconds spent executing 1 partial-flushes (flushing a total of 0 entities and 0 collections)
}
18:11:39.942 [main] WARN  org.hibernate.orm.deprecation – HHH90000022: Hibernate's legacy org.hibernate.Criteria API is deprecated; use the JPA javax.persistence.criteria.CriteriaQuery instead
18:11:39.954 [main] INFO  o.h.e.i.StatisticalLoggingSessionEventListener – Session Metrics {
    337729 nanoseconds spent acquiring 2 JDBC connections;
    43095 nanoseconds spent releasing 2 JDBC connections;
    56424 nanoseconds spent preparing 2 JDBC statements;
    171062 nanoseconds spent executing 2 JDBC statements;
    0 nanoseconds spent executing 0 JDBC batches;
    0 nanoseconds spent performing 0 L2C puts;
    0 nanoseconds spent performing 0 L2C hits;
    0 nanoseconds spent performing 0 L2C misses;
    413854 nanoseconds spent executing 1 flushes (flushing a total of 1 entities and 1 collections);
    5141 nanoseconds spent executing 1 partial-flushes (flushing a total of 0 entities and 0 collections)
}
18:11:39.955 [main] WARN  org.hibernate.orm.deprecation – HHH90000022: Hibernate's legacy org.hibernate.Criteria API is deprecated; use the JPA javax.persistence.criteria.CriteriaQuery instead
18:11:39.956 [main] INFO  o.h.e.i.StatisticalLoggingSessionEventListener – Session Metrics {
    34888 nanoseconds spent acquiring 2 JDBC connections;
    27034 nanoseconds spent releasing 2 JDBC connections;
    23638 nanoseconds spent preparing 1 JDBC statements;
    33503 nanoseconds spent executing 1 JDBC statements;
    0 nanoseconds spent executing 0 JDBC batches;
    0 nanoseconds spent performing 0 L2C puts;
    0 nanoseconds spent performing 0 L2C hits;
    0 nanoseconds spent performing 0 L2C misses;
    73974 nanoseconds spent executing 1 flushes (flushing a total of 1 entities and 1 collections);
    3646 nanoseconds spent executing 1 partial-flushes (flushing a total of 0 entities and 0 collections)
}
18:11:39.956 [main] WARN  org.hibernate.orm.deprecation – HHH90000022: Hibernate's legacy org.hibernate.Criteria API is deprecated; use the JPA javax.persistence.criteria.CriteriaQuery instead
18:11:39.961 [main] INFO  o.h.e.i.StatisticalLoggingSessionEventListener – Session Metrics {
    35997 nanoseconds spent acquiring 2 JDBC connections;
    28577 nanoseconds spent releasing 2 JDBC connections;
    133742 nanoseconds spent preparing 2 JDBC statements;
    63958 nanoseconds spent executing 2 JDBC statements;
    0 nanoseconds spent executing 0 JDBC batches;
    0 nanoseconds spent performing 0 L2C puts;
    0 nanoseconds spent performing 0 L2C hits;
    0 nanoseconds spent performing 0 L2C misses;
    129828 nanoseconds spent executing 1 flushes (flushing a total of 3 entities and 1 collections);
    3258 nanoseconds spent executing 1 partial-flushes (flushing a total of 0 entities and 0 collections)
}
18:11:39.977 [main] INFO  o.h.e.i.StatisticalLoggingSessionEventListener – Session Metrics {
    41214 nanoseconds spent acquiring 2 JDBC connections;
    35226 nanoseconds spent releasing 2 JDBC connections;
    942134 nanoseconds spent preparing 1 JDBC statements;
    675732 nanoseconds spent executing 1 JDBC statements;
    0 nanoseconds spent executing 0 JDBC batches;
    0 nanoseconds spent performing 0 L2C puts;
    0 nanoseconds spent performing 0 L2C hits;
    0 nanoseconds spent performing 0 L2C misses;
    279761 nanoseconds spent executing 1 flushes (flushing a total of 3 entities and 1 collections);
    3941 nanoseconds spent executing 1 partial-flushes (flushing a total of 0 entities and 0 collections)
}
18:11:39.984 [main] INFO  o.h.e.i.StatisticalLoggingSessionEventListener – Session Metrics {
    36912 nanoseconds spent acquiring 2 JDBC connections;
    29347 nanoseconds spent releasing 2 JDBC connections;
    204628 nanoseconds spent preparing 2 JDBC statements;
    180550 nanoseconds spent executing 2 JDBC statements;
    0 nanoseconds spent executing 0 JDBC batches;
    0 nanoseconds spent performing 0 L2C puts;
    0 nanoseconds spent performing 0 L2C hits;
    0 nanoseconds spent performing 0 L2C misses;
    1120256 nanoseconds spent executing 1 flushes (flushing a total of 2 entities and 1 collections);
    3470 nanoseconds spent executing 1 partial-flushes (flushing a total of 0 entities and 0 collections)
}
18:11:39.986 [main] INFO  o.h.e.i.StatisticalLoggingSessionEventListener – Session Metrics {
    35452 nanoseconds spent acquiring 2 JDBC connections;
    27365 nanoseconds spent releasing 2 JDBC connections;
    32732 nanoseconds spent preparing 1 JDBC statements;
    113029 nanoseconds spent executing 1 JDBC statements;
    0 nanoseconds spent executing 0 JDBC batches;
    0 nanoseconds spent performing 0 L2C puts;
    0 nanoseconds spent performing 0 L2C hits;
    0 nanoseconds spent performing 0 L2C misses;
    88977 nanoseconds spent executing 1 flushes (flushing a total of 3 entities and 1 collections);
    3243 nanoseconds spent executing 1 partial-flushes (flushing a total of 0 entities and 0 collections)
}
Tests run: 1, Failures: 0, Errors: 0, Skipped: 0, Time elapsed: 1.791 sec - in io.dropwizard.sharding.bundle.DBShardingBundleWithNamespaceTest
Running io.dropwizard.sharding.bundle.DBShardingBundleWithAnnotationTest
18:11:40.043 [main] DEBUG org.reflections.Reflections – going to scan these urls:
file:/pfs/proj/nobackup/fs/projnb01/snic2020-10-10/dginelli/repairnator-workspace/repairnator-repairnator-experiments-santanusinha-dropwizard-db-sharding-bundle-415477949-20180813-165531-firstCommit/target/test-classes/
18:11:40.117 [main] INFO  org.reflections.Reflections – Reflections took 65 ms to scan 1 urls, producing 2 keys and 14 values 
18:11:40.143 [main] INFO  i.d.sharding.sharding.ShardManager – Buckets to shard allocation: [[0..498]=0, [499..999]=1]
18:11:40.147 [main] INFO  i.d.hibernate.SessionFactoryFactory – Entity classes: [io.dropwizard.sharding.dao.testdata.entities.Audit, io.dropwizard.sharding.dao.testdata.entities.Order, io.dropwizard.sharding.dao.testdata.entities.OrderItem, io.dropwizard.sharding.dao.testdata.entities.Phone, io.dropwizard.sharding.dao.testdata.entities.RelationalEntity, io.dropwizard.sharding.dao.testdata.entities.TestEntity, io.dropwizard.sharding.dao.testdata.entities.Transaction]
18:11:40.156 [main] INFO  org.hibernate.dialect.Dialect – HHH000400: Using dialect: org.hibernate.dialect.H2Dialect
18:11:40.226 [main] INFO  org.hibernate.type.BasicTypeRegistry – HHH000270: Type registration [java.util.Currency] overrides previous : org.hibernate.type.CurrencyType@3f6f26cb
18:11:40.227 [main] INFO  org.hibernate.type.BasicTypeRegistry – HHH000270: Type registration [java.time.Duration] overrides previous : org.hibernate.type.DurationType@40123014
18:11:40.227 [main] INFO  org.hibernate.type.BasicTypeRegistry – HHH000270: Type registration [java.time.Instant] overrides previous : org.hibernate.type.InstantType@3f634608
18:11:40.227 [main] INFO  org.hibernate.type.BasicTypeRegistry – HHH000270: Type registration [java.time.LocalDate] overrides previous : org.hibernate.type.LocalDateType@28bf7bea
18:11:40.228 [main] INFO  org.hibernate.type.BasicTypeRegistry – HHH000270: Type registration [java.time.LocalDateTime] overrides previous : org.hibernate.type.LocalDateTimeType@44881fcc
18:11:40.228 [main] INFO  org.hibernate.type.BasicTypeRegistry – HHH000270: Type registration [java.time.LocalTime] overrides previous : org.hibernate.type.LocalTimeType@7b2a6ed3
18:11:40.228 [main] INFO  org.hibernate.type.BasicTypeRegistry – HHH000270: Type registration [java.time.OffsetDateTime] overrides previous : org.hibernate.type.OffsetDateTimeType@28993a77
18:11:40.228 [main] INFO  org.hibernate.type.BasicTypeRegistry – HHH000270: Type registration [java.time.OffsetTime] overrides previous : org.hibernate.type.OffsetTimeType@2c6b36d7
18:11:40.228 [main] INFO  org.hibernate.type.BasicTypeRegistry – HHH000270: Type registration [java.time.ZonedDateTime] overrides previous : org.hibernate.type.ZonedDateTimeType@3f1485c3
18:11:40.251 [main] INFO  o.h.t.s.internal.SchemaCreatorImpl – HHH000476: Executing import script 'org.hibernate.tool.schema.internal.exec.ScriptSourceInputNonExistentImpl@7fcff1b9'
18:11:40.264 [main] INFO  i.d.hibernate.SessionFactoryFactory – Entity classes: [io.dropwizard.sharding.dao.testdata.entities.Audit, io.dropwizard.sharding.dao.testdata.entities.Order, io.dropwizard.sharding.dao.testdata.entities.OrderItem, io.dropwizard.sharding.dao.testdata.entities.Phone, io.dropwizard.sharding.dao.testdata.entities.RelationalEntity, io.dropwizard.sharding.dao.testdata.entities.TestEntity, io.dropwizard.sharding.dao.testdata.entities.Transaction]
18:11:40.270 [main] INFO  org.hibernate.dialect.Dialect – HHH000400: Using dialect: org.hibernate.dialect.H2Dialect
18:11:40.326 [main] INFO  org.hibernate.type.BasicTypeRegistry – HHH000270: Type registration [java.util.Currency] overrides previous : org.hibernate.type.CurrencyType@3f6f26cb
18:11:40.326 [main] INFO  org.hibernate.type.BasicTypeRegistry – HHH000270: Type registration [java.time.Duration] overrides previous : org.hibernate.type.DurationType@40123014
18:11:40.326 [main] INFO  org.hibernate.type.BasicTypeRegistry – HHH000270: Type registration [java.time.Instant] overrides previous : org.hibernate.type.InstantType@3f634608
18:11:40.327 [main] INFO  org.hibernate.type.BasicTypeRegistry – HHH000270: Type registration [java.time.LocalDate] overrides previous : org.hibernate.type.LocalDateType@28bf7bea
18:11:40.327 [main] INFO  org.hibernate.type.BasicTypeRegistry – HHH000270: Type registration [java.time.LocalDateTime] overrides previous : org.hibernate.type.LocalDateTimeType@44881fcc
18:11:40.327 [main] INFO  org.hibernate.type.BasicTypeRegistry – HHH000270: Type registration [java.time.LocalTime] overrides previous : org.hibernate.type.LocalTimeType@7b2a6ed3
18:11:40.327 [main] INFO  org.hibernate.type.BasicTypeRegistry – HHH000270: Type registration [java.time.OffsetDateTime] overrides previous : org.hibernate.type.OffsetDateTimeType@28993a77
18:11:40.327 [main] INFO  org.hibernate.type.BasicTypeRegistry – HHH000270: Type registration [java.time.OffsetTime] overrides previous : org.hibernate.type.OffsetTimeType@2c6b36d7
18:11:40.327 [main] INFO  org.hibernate.type.BasicTypeRegistry – HHH000270: Type registration [java.time.ZonedDateTime] overrides previous : org.hibernate.type.ZonedDateTimeType@3f1485c3
18:11:40.345 [main] INFO  o.h.t.s.internal.SchemaCreatorImpl – HHH000476: Executing import script 'org.hibernate.tool.schema.internal.exec.ScriptSourceInputNonExistentImpl@7fcff1b9'
18:11:40.362 [main] INFO  o.h.e.i.StatisticalLoggingSessionEventListener – Session Metrics {
    36801 nanoseconds spent acquiring 2 JDBC connections;
    26719 nanoseconds spent releasing 2 JDBC connections;
    121846 nanoseconds spent preparing 3 JDBC statements;
    224514 nanoseconds spent executing 3 JDBC statements;
    0 nanoseconds spent executing 0 JDBC batches;
    0 nanoseconds spent performing 0 L2C puts;
    0 nanoseconds spent performing 0 L2C hits;
    0 nanoseconds spent performing 0 L2C misses;
    1861805 nanoseconds spent executing 1 flushes (flushing a total of 3 entities and 1 collections);
    0 nanoseconds spent executing 0 partial-flushes (flushing a total of 0 entities and 0 collections)
}
18:11:40.366 [main] INFO  o.h.e.i.StatisticalLoggingSessionEventListener – Session Metrics {
    33872 nanoseconds spent acquiring 2 JDBC connections;
    24782 nanoseconds spent releasing 2 JDBC connections;
    68075 nanoseconds spent preparing 1 JDBC statements;
    1002307 nanoseconds spent executing 1 JDBC statements;
    0 nanoseconds spent executing 0 JDBC batches;
    0 nanoseconds spent performing 0 L2C puts;
    0 nanoseconds spent performing 0 L2C hits;
    0 nanoseconds spent performing 0 L2C misses;
    169535 nanoseconds spent executing 1 flushes (flushing a total of 1 entities and 1 collections);
    0 nanoseconds spent executing 0 partial-flushes (flushing a total of 0 entities and 0 collections)
}
18:11:40.373 [main] INFO  o.h.e.i.StatisticalLoggingSessionEventListener – Session Metrics {
    37711 nanoseconds spent acquiring 2 JDBC connections;
    41322 nanoseconds spent releasing 2 JDBC connections;
    261172 nanoseconds spent preparing 3 JDBC statements;
    183951 nanoseconds spent executing 3 JDBC statements;
    0 nanoseconds spent executing 0 JDBC batches;
    0 nanoseconds spent performing 0 L2C puts;
    0 nanoseconds spent performing 0 L2C hits;
    0 nanoseconds spent performing 0 L2C misses;
    2415792 nanoseconds spent executing 1 flushes (flushing a total of 3 entities and 1 collections);
    0 nanoseconds spent executing 0 partial-flushes (flushing a total of 0 entities and 0 collections)
}
18:11:40.373 [main] WARN  org.hibernate.orm.deprecation – HHH90000022: Hibernate's legacy org.hibernate.Criteria API is deprecated; use the JPA javax.persistence.criteria.CriteriaQuery instead
18:11:40.374 [main] INFO  o.h.e.i.StatisticalLoggingSessionEventListener – Session Metrics {
    247234 nanoseconds spent acquiring 2 JDBC connections;
    25558 nanoseconds spent releasing 2 JDBC connections;
    354512 nanoseconds spent preparing 1 JDBC statements;
    26264 nanoseconds spent executing 1 JDBC statements;
    0 nanoseconds spent executing 0 JDBC batches;
    0 nanoseconds spent performing 0 L2C puts;
    0 nanoseconds spent performing 0 L2C hits;
    0 nanoseconds spent performing 0 L2C misses;
    96673 nanoseconds spent executing 1 flushes (flushing a total of 1 entities and 1 collections);
    4460 nanoseconds spent executing 1 partial-flushes (flushing a total of 0 entities and 0 collections)
}
18:11:40.375 [main] WARN  org.hibernate.orm.deprecation – HHH90000022: Hibernate's legacy org.hibernate.Criteria API is deprecated; use the JPA javax.persistence.criteria.CriteriaQuery instead
18:11:40.376 [main] INFO  o.h.e.i.StatisticalLoggingSessionEventListener – Session Metrics {
    33632 nanoseconds spent acquiring 2 JDBC connections;
    24839 nanoseconds spent releasing 2 JDBC connections;
    28520 nanoseconds spent preparing 2 JDBC statements;
    89788 nanoseconds spent executing 2 JDBC statements;
    0 nanoseconds spent executing 0 JDBC batches;
    0 nanoseconds spent performing 0 L2C puts;
    0 nanoseconds spent performing 0 L2C hits;
    0 nanoseconds spent performing 0 L2C misses;
    266870 nanoseconds spent executing 1 flushes (flushing a total of 1 entities and 1 collections);
    3207 nanoseconds spent executing 1 partial-flushes (flushing a total of 0 entities and 0 collections)
}
18:11:40.376 [main] WARN  org.hibernate.orm.deprecation – HHH90000022: Hibernate's legacy org.hibernate.Criteria API is deprecated; use the JPA javax.persistence.criteria.CriteriaQuery instead
18:11:40.378 [main] INFO  o.h.e.i.StatisticalLoggingSessionEventListener – Session Metrics {
    32346 nanoseconds spent acquiring 2 JDBC connections;
    38756 nanoseconds spent releasing 2 JDBC connections;
    15963 nanoseconds spent preparing 1 JDBC statements;
    45393 nanoseconds spent executing 1 JDBC statements;
    0 nanoseconds spent executing 0 JDBC batches;
    0 nanoseconds spent performing 0 L2C puts;
    0 nanoseconds spent performing 0 L2C hits;
    0 nanoseconds spent performing 0 L2C misses;
    238535 nanoseconds spent executing 1 flushes (flushing a total of 1 entities and 1 collections);
    3065 nanoseconds spent executing 1 partial-flushes (flushing a total of 0 entities and 0 collections)
}
18:11:40.378 [main] WARN  org.hibernate.orm.deprecation – HHH90000022: Hibernate's legacy org.hibernate.Criteria API is deprecated; use the JPA javax.persistence.criteria.CriteriaQuery instead
18:11:40.380 [main] INFO  o.h.e.i.StatisticalLoggingSessionEventListener – Session Metrics {
    33436 nanoseconds spent acquiring 2 JDBC connections;
    23337 nanoseconds spent releasing 2 JDBC connections;
    77456 nanoseconds spent preparing 2 JDBC statements;
    251769 nanoseconds spent executing 2 JDBC statements;
    0 nanoseconds spent executing 0 JDBC batches;
    0 nanoseconds spent performing 0 L2C puts;
    0 nanoseconds spent performing 0 L2C hits;
    0 nanoseconds spent performing 0 L2C misses;
    117516 nanoseconds spent executing 1 flushes (flushing a total of 3 entities and 1 collections);
    3135 nanoseconds spent executing 1 partial-flushes (flushing a total of 0 entities and 0 collections)
}
18:11:40.382 [main] INFO  o.h.e.i.StatisticalLoggingSessionEventListener – Session Metrics {
    32735 nanoseconds spent acquiring 2 JDBC connections;
    23713 nanoseconds spent releasing 2 JDBC connections;
    124815 nanoseconds spent preparing 1 JDBC statements;
    555641 nanoseconds spent executing 1 JDBC statements;
    0 nanoseconds spent executing 0 JDBC batches;
    0 nanoseconds spent performing 0 L2C puts;
    0 nanoseconds spent performing 0 L2C hits;
    0 nanoseconds spent performing 0 L2C misses;
    179768 nanoseconds spent executing 1 flushes (flushing a total of 3 entities and 1 collections);
    3222 nanoseconds spent executing 1 partial-flushes (flushing a total of 0 entities and 0 collections)
}
18:11:40.394 [main] INFO  o.h.e.i.StatisticalLoggingSessionEventListener – Session Metrics {
    33607 nanoseconds spent acquiring 2 JDBC connections;
    23935 nanoseconds spent releasing 2 JDBC connections;
    30098 nanoseconds spent preparing 2 JDBC statements;
    275876 nanoseconds spent executing 2 JDBC statements;
    0 nanoseconds spent executing 0 JDBC batches;
    0 nanoseconds spent performing 0 L2C puts;
    0 nanoseconds spent performing 0 L2C hits;
    0 nanoseconds spent performing 0 L2C misses;
    681446 nanoseconds spent executing 1 flushes (flushing a total of 2 entities and 1 collections);
    3490 nanoseconds spent executing 1 partial-flushes (flushing a total of 0 entities and 0 collections)
}
18:11:40.396 [main] INFO  o.h.e.i.StatisticalLoggingSessionEventListener – Session Metrics {
    32008 nanoseconds spent acquiring 2 JDBC connections;
    23133 nanoseconds spent releasing 2 JDBC connections;
    14186 nanoseconds spent preparing 1 JDBC statements;
    40954 nanoseconds spent executing 1 JDBC statements;
    0 nanoseconds spent executing 0 JDBC batches;
    0 nanoseconds spent performing 0 L2C puts;
    0 nanoseconds spent performing 0 L2C hits;
    0 nanoseconds spent performing 0 L2C misses;
    240422 nanoseconds spent executing 1 flushes (flushing a total of 3 entities and 1 collections);
    3132 nanoseconds spent executing 1 partial-flushes (flushing a total of 0 entities and 0 collections)
}
Tests run: 1, Failures: 0, Errors: 0, Skipped: 0, Time elapsed: 0.384 sec - in io.dropwizard.sharding.bundle.DBShardingBundleWithAnnotationTest
Running io.dropwizard.sharding.bundle.DBShardingBundleWithEntityTest
18:11:40.399 [main] INFO  i.d.sharding.sharding.ShardManager – Buckets to shard allocation: [[0..498]=0, [499..999]=1]
18:11:40.401 [main] INFO  i.d.hibernate.SessionFactoryFactory – Entity classes: [io.dropwizard.sharding.dao.testdata.entities.Order, io.dropwizard.sharding.dao.testdata.entities.OrderItem]
18:11:40.418 [main] INFO  org.hibernate.dialect.Dialect – HHH000400: Using dialect: org.hibernate.dialect.H2Dialect
18:11:40.450 [main] INFO  org.hibernate.type.BasicTypeRegistry – HHH000270: Type registration [java.util.Currency] overrides previous : org.hibernate.type.CurrencyType@3f6f26cb
18:11:40.450 [main] INFO  org.hibernate.type.BasicTypeRegistry – HHH000270: Type registration [java.time.Duration] overrides previous : org.hibernate.type.DurationType@40123014
18:11:40.450 [main] INFO  org.hibernate.type.BasicTypeRegistry – HHH000270: Type registration [java.time.Instant] overrides previous : org.hibernate.type.InstantType@3f634608
18:11:40.450 [main] INFO  org.hibernate.type.BasicTypeRegistry – HHH000270: Type registration [java.time.LocalDate] overrides previous : org.hibernate.type.LocalDateType@28bf7bea
18:11:40.450 [main] INFO  org.hibernate.type.BasicTypeRegistry – HHH000270: Type registration [java.time.LocalDateTime] overrides previous : org.hibernate.type.LocalDateTimeType@44881fcc
18:11:40.450 [main] INFO  org.hibernate.type.BasicTypeRegistry – HHH000270: Type registration [java.time.LocalTime] overrides previous : org.hibernate.type.LocalTimeType@7b2a6ed3
18:11:40.451 [main] INFO  org.hibernate.type.BasicTypeRegistry – HHH000270: Type registration [java.time.OffsetDateTime] overrides previous : org.hibernate.type.OffsetDateTimeType@28993a77
18:11:40.451 [main] INFO  org.hibernate.type.BasicTypeRegistry – HHH000270: Type registration [java.time.OffsetTime] overrides previous : org.hibernate.type.OffsetTimeType@2c6b36d7
18:11:40.451 [main] INFO  org.hibernate.type.BasicTypeRegistry – HHH000270: Type registration [java.time.ZonedDateTime] overrides previous : org.hibernate.type.ZonedDateTimeType@3f1485c3
18:11:40.458 [main] INFO  o.h.t.s.internal.SchemaCreatorImpl – HHH000476: Executing import script 'org.hibernate.tool.schema.internal.exec.ScriptSourceInputNonExistentImpl@7fcff1b9'
18:11:40.460 [main] INFO  i.d.hibernate.SessionFactoryFactory – Entity classes: [io.dropwizard.sharding.dao.testdata.entities.Order, io.dropwizard.sharding.dao.testdata.entities.OrderItem]
18:11:40.477 [main] INFO  org.hibernate.dialect.Dialect – HHH000400: Using dialect: org.hibernate.dialect.H2Dialect
18:11:40.490 [main] INFO  org.hibernate.type.BasicTypeRegistry – HHH000270: Type registration [java.util.Currency] overrides previous : org.hibernate.type.CurrencyType@3f6f26cb
18:11:40.490 [main] INFO  org.hibernate.type.BasicTypeRegistry – HHH000270: Type registration [java.time.Duration] overrides previous : org.hibernate.type.DurationType@40123014
18:11:40.496 [main] INFO  org.hibernate.type.BasicTypeRegistry – HHH000270: Type registration [java.time.Instant] overrides previous : org.hibernate.type.InstantType@3f634608
18:11:40.496 [main] INFO  org.hibernate.type.BasicTypeRegistry – HHH000270: Type registration [java.time.LocalDate] overrides previous : org.hibernate.type.LocalDateType@28bf7bea
18:11:40.497 [main] INFO  org.hibernate.type.BasicTypeRegistry – HHH000270: Type registration [java.time.LocalDateTime] overrides previous : org.hibernate.type.LocalDateTimeType@44881fcc
18:11:40.497 [main] INFO  org.hibernate.type.BasicTypeRegistry – HHH000270: Type registration [java.time.LocalTime] overrides previous : org.hibernate.type.LocalTimeType@7b2a6ed3
18:11:40.497 [main] INFO  org.hibernate.type.BasicTypeRegistry – HHH000270: Type registration [java.time.OffsetDateTime] overrides previous : org.hibernate.type.OffsetDateTimeType@28993a77
18:11:40.498 [main] INFO  org.hibernate.type.BasicTypeRegistry – HHH000270: Type registration [java.time.OffsetTime] overrides previous : org.hibernate.type.OffsetTimeType@2c6b36d7
18:11:40.498 [main] INFO  org.hibernate.type.BasicTypeRegistry – HHH000270: Type registration [java.time.ZonedDateTime] overrides previous : org.hibernate.type.ZonedDateTimeType@3f1485c3
18:11:40.522 [main] INFO  o.h.t.s.internal.SchemaCreatorImpl – HHH000476: Executing import script 'org.hibernate.tool.schema.internal.exec.ScriptSourceInputNonExistentImpl@7fcff1b9'
18:11:40.526 [main] INFO  o.h.e.i.StatisticalLoggingSessionEventListener – Session Metrics {
    30509 nanoseconds spent acquiring 2 JDBC connections;
    19290 nanoseconds spent releasing 2 JDBC connections;
    112100 nanoseconds spent preparing 3 JDBC statements;
    239652 nanoseconds spent executing 3 JDBC statements;
    0 nanoseconds spent executing 0 JDBC batches;
    0 nanoseconds spent performing 0 L2C puts;
    0 nanoseconds spent performing 0 L2C hits;
    0 nanoseconds spent performing 0 L2C misses;
    544960 nanoseconds spent executing 1 flushes (flushing a total of 3 entities and 1 collections);
    0 nanoseconds spent executing 0 partial-flushes (flushing a total of 0 entities and 0 collections)
}
18:11:40.528 [main] INFO  o.h.e.i.StatisticalLoggingSessionEventListener – Session Metrics {
    29593 nanoseconds spent acquiring 2 JDBC connections;
    311344 nanoseconds spent releasing 2 JDBC connections;
    54195 nanoseconds spent preparing 1 JDBC statements;
    20197 nanoseconds spent executing 1 JDBC statements;
    0 nanoseconds spent executing 0 JDBC batches;
    0 nanoseconds spent performing 0 L2C puts;
    0 nanoseconds spent performing 0 L2C hits;
    0 nanoseconds spent performing 0 L2C misses;
    79205 nanoseconds spent executing 1 flushes (flushing a total of 1 entities and 1 collections);
    0 nanoseconds spent executing 0 partial-flushes (flushing a total of 0 entities and 0 collections)
}
18:11:40.532 [main] INFO  o.h.e.i.StatisticalLoggingSessionEventListener – Session Metrics {
    178089 nanoseconds spent acquiring 2 JDBC connections;
    19353 nanoseconds spent releasing 2 JDBC connections;
    579292 nanoseconds spent preparing 3 JDBC statements;
    176040 nanoseconds spent executing 3 JDBC statements;
    0 nanoseconds spent executing 0 JDBC batches;
    0 nanoseconds spent performing 0 L2C puts;
    0 nanoseconds spent performing 0 L2C hits;
    0 nanoseconds spent performing 0 L2C misses;
    1461446 nanoseconds spent executing 1 flushes (flushing a total of 3 entities and 1 collections);
    0 nanoseconds spent executing 0 partial-flushes (flushing a total of 0 entities and 0 collections)
}
18:11:40.532 [main] WARN  org.hibernate.orm.deprecation – HHH90000022: Hibernate's legacy org.hibernate.Criteria API is deprecated; use the JPA javax.persistence.criteria.CriteriaQuery instead
18:11:40.535 [main] INFO  o.h.e.i.StatisticalLoggingSessionEventListener – Session Metrics {
    138164 nanoseconds spent acquiring 2 JDBC connections;
    17861 nanoseconds spent releasing 2 JDBC connections;
    1353517 nanoseconds spent preparing 1 JDBC statements;
    17636 nanoseconds spent executing 1 JDBC statements;
    0 nanoseconds spent executing 0 JDBC batches;
    0 nanoseconds spent performing 0 L2C puts;
    0 nanoseconds spent performing 0 L2C hits;
    0 nanoseconds spent performing 0 L2C misses;
    63162 nanoseconds spent executing 1 flushes (flushing a total of 1 entities and 1 collections);
    4831 nanoseconds spent executing 1 partial-flushes (flushing a total of 0 entities and 0 collections)
}
18:11:40.535 [main] WARN  org.hibernate.orm.deprecation – HHH90000022: Hibernate's legacy org.hibernate.Criteria API is deprecated; use the JPA javax.persistence.criteria.CriteriaQuery instead
18:11:40.539 [main] INFO  o.h.e.i.StatisticalLoggingSessionEventListener – Session Metrics {
    28851 nanoseconds spent acquiring 2 JDBC connections;
    19910 nanoseconds spent releasing 2 JDBC connections;
    25794 nanoseconds spent preparing 2 JDBC statements;
    2245660 nanoseconds spent executing 2 JDBC statements;
    0 nanoseconds spent executing 0 JDBC batches;
    0 nanoseconds spent performing 0 L2C puts;
    0 nanoseconds spent performing 0 L2C hits;
    0 nanoseconds spent performing 0 L2C misses;
    3156257 nanoseconds spent executing 1 flushes (flushing a total of 1 entities and 1 collections);
    3179 nanoseconds spent executing 1 partial-flushes (flushing a total of 0 entities and 0 collections)
}
18:11:40.540 [main] WARN  org.hibernate.orm.deprecation – HHH90000022: Hibernate's legacy org.hibernate.Criteria API is deprecated; use the JPA javax.persistence.criteria.CriteriaQuery instead
18:11:40.541 [main] INFO  o.h.e.i.StatisticalLoggingSessionEventListener – Session Metrics {
    29267 nanoseconds spent acquiring 2 JDBC connections;
    18823 nanoseconds spent releasing 2 JDBC connections;
    13194 nanoseconds spent preparing 1 JDBC statements;
    128603 nanoseconds spent executing 1 JDBC statements;
    0 nanoseconds spent executing 0 JDBC batches;
    0 nanoseconds spent performing 0 L2C puts;
    0 nanoseconds spent performing 0 L2C hits;
    0 nanoseconds spent performing 0 L2C misses;
    210254 nanoseconds spent executing 1 flushes (flushing a total of 1 entities and 1 collections);
    3105 nanoseconds spent executing 1 partial-flushes (flushing a total of 0 entities and 0 collections)
}
18:11:40.541 [main] WARN  org.hibernate.orm.deprecation – HHH90000022: Hibernate's legacy org.hibernate.Criteria API is deprecated; use the JPA javax.persistence.criteria.CriteriaQuery instead
18:11:40.547 [main] INFO  o.h.e.i.StatisticalLoggingSessionEventListener – Session Metrics {
    28346 nanoseconds spent acquiring 2 JDBC connections;
    19526 nanoseconds spent releasing 2 JDBC connections;
    64394 nanoseconds spent preparing 2 JDBC statements;
    40701 nanoseconds spent executing 2 JDBC statements;
    0 nanoseconds spent executing 0 JDBC batches;
    0 nanoseconds spent performing 0 L2C puts;
    0 nanoseconds spent performing 0 L2C hits;
    0 nanoseconds spent performing 0 L2C misses;
    111447 nanoseconds spent executing 1 flushes (flushing a total of 3 entities and 1 collections);
    3233 nanoseconds spent executing 1 partial-flushes (flushing a total of 0 entities and 0 collections)
}
18:11:40.549 [main] INFO  o.h.e.i.StatisticalLoggingSessionEventListener – Session Metrics {
    28968 nanoseconds spent acquiring 2 JDBC connections;
    18383 nanoseconds spent releasing 2 JDBC connections;
    552958 nanoseconds spent preparing 1 JDBC statements;
    46154 nanoseconds spent executing 1 JDBC statements;
    0 nanoseconds spent executing 0 JDBC batches;
    0 nanoseconds spent performing 0 L2C puts;
    0 nanoseconds spent performing 0 L2C hits;
    0 nanoseconds spent performing 0 L2C misses;
    79606 nanoseconds spent executing 1 flushes (flushing a total of 3 entities and 1 collections);
    3272 nanoseconds spent executing 1 partial-flushes (flushing a total of 0 entities and 0 collections)
}
18:11:40.550 [main] INFO  o.h.e.i.StatisticalLoggingSessionEventListener – Session Metrics {
    28584 nanoseconds spent acquiring 2 JDBC connections;
    19212 nanoseconds spent releasing 2 JDBC connections;
    25321 nanoseconds spent preparing 2 JDBC statements;
    109005 nanoseconds spent executing 2 JDBC statements;
    0 nanoseconds spent executing 0 JDBC batches;
    0 nanoseconds spent performing 0 L2C puts;
    0 nanoseconds spent performing 0 L2C hits;
    0 nanoseconds spent performing 0 L2C misses;
    529070 nanoseconds spent executing 1 flushes (flushing a total of 2 entities and 1 collections);
    3077 nanoseconds spent executing 1 partial-flushes (flushing a total of 0 entities and 0 collections)
}
18:11:40.570 [main] INFO  o.h.e.i.StatisticalLoggingSessionEventListener – Session Metrics {
    31352 nanoseconds spent acquiring 2 JDBC connections;
    24178 nanoseconds spent releasing 2 JDBC connections;
    13462 nanoseconds spent preparing 1 JDBC statements;
    40444 nanoseconds spent executing 1 JDBC statements;
    0 nanoseconds spent executing 0 JDBC batches;
    0 nanoseconds spent performing 0 L2C puts;
    0 nanoseconds spent performing 0 L2C hits;
    0 nanoseconds spent performing 0 L2C misses;
    13559911 nanoseconds spent executing 1 flushes (flushing a total of 3 entities and 1 collections);
    3197 nanoseconds spent executing 1 partial-flushes (flushing a total of 0 entities and 0 collections)
}
Tests run: 1, Failures: 0, Errors: 0, Skipped: 0, Time elapsed: 0.161 sec - in io.dropwizard.sharding.bundle.DBShardingBundleWithEntityTest
Running io.dropwizard.sharding.sharding.ShardManagerTest
18:11:40.571 [main] INFO  i.d.sharding.sharding.ShardManager – Buckets to shard allocation: [[0..198]=0, [199..397]=1, [398..596]=2, [597..795]=3, [796..999]=4]
ShardManager(numShards=5, shardBlacklistingStore=io.dropwizard.sharding.sharding.InMemoryLocalShardBlacklistingStore@51989b17, buckets=[[0..198]=0, [199..397]=1, [398..596]=2, [597..795]=3, [796..999]=4], blackListedShards=com.github.benmanes.caffeine.cache.BoundedLocalCache$BoundedLocalLoadingCache@12f52ca4)
18:11:40.571 [main] INFO  i.d.sharding.sharding.ShardManager – Buckets to shard allocation: [[0..198]=0, [199..397]=1, [398..596]=2, [597..795]=3, [796..999]=4]
ShardManager(numShards=5, shardBlacklistingStore=io.dropwizard.sharding.sharding.InMemoryLocalShardBlacklistingStore@16b48082, buckets=[[0..198]=0, [199..397]=1, [398..596]=2, [597..795]=3, [796..999]=4], blackListedShards=com.github.benmanes.caffeine.cache.BoundedLocalCache$BoundedLocalLoadingCache@5bf41334)
Tests run: 2, Failures: 1, Errors: 0, Skipped: 0, Time elapsed: 0.001 sec <<< FAILURE! - in io.dropwizard.sharding.sharding.ShardManagerTest
testBlacklisting(io.dropwizard.sharding.sharding.ShardManagerTest)  Time elapsed: 0 sec  <<< FAILURE!
java.lang.AssertionError: Should have errored out
	at org.junit.Assert.fail(Assert.java:88)
	at io.dropwizard.sharding.sharding.ShardManagerTest.testBlacklisting(ShardManagerTest.java:43)


Results :

Failed tests: 
  ShardManagerTest.testBlacklisting:43 Should have errored out

Tests run: 23, Failures: 1, Errors: 0, Skipped: 0

[INFO] ------------------------------------------------------------------------
[INFO] BUILD FAILURE
[INFO] ------------------------------------------------------------------------
[INFO] Total time: 17.251 s
[INFO] Finished at: 2020-06-27T18:11:41+02:00
[INFO] Final Memory: 20M/67M
[INFO] ------------------------------------------------------------------------
[ERROR] Failed to execute goal org.apache.maven.plugins:maven-surefire-plugin:2.17:test (default-test) on project db-sharding-bundle: There are test failures.
[ERROR] 
[ERROR] Please refer to /pfs/proj/nobackup/fs/projnb01/snic2020-10-10/dginelli/repairnator-workspace/repairnator-repairnator-experiments-santanusinha-dropwizard-db-sharding-bundle-415477949-20180813-165531-firstCommit/target/surefire-reports for the individual test results.
[ERROR] -> [Help 1]
org.apache.maven.lifecycle.LifecycleExecutionException: Failed to execute goal org.apache.maven.plugins:maven-surefire-plugin:2.17:test (default-test) on project db-sharding-bundle: There are test failures.

Please refer to /pfs/proj/nobackup/fs/projnb01/snic2020-10-10/dginelli/repairnator-workspace/repairnator-repairnator-experiments-santanusinha-dropwizard-db-sharding-bundle-415477949-20180813-165531-firstCommit/target/surefire-reports for the individual test results.
	at org.apache.maven.lifecycle.internal.MojoExecutor.execute(MojoExecutor.java:212)
	at org.apache.maven.lifecycle.internal.MojoExecutor.execute(MojoExecutor.java:153)
	at org.apache.maven.lifecycle.internal.MojoExecutor.execute(MojoExecutor.java:145)
	at org.apache.maven.lifecycle.internal.LifecycleModuleBuilder.buildProject(LifecycleModuleBuilder.java:116)
	at org.apache.maven.lifecycle.internal.LifecycleModuleBuilder.buildProject(LifecycleModuleBuilder.java:80)
	at org.apache.maven.lifecycle.internal.builder.singlethreaded.SingleThreadedBuilder.build(SingleThreadedBuilder.java:51)
	at org.apache.maven.lifecycle.internal.LifecycleStarter.execute(LifecycleStarter.java:128)
	at org.apache.maven.DefaultMaven.doExecute(DefaultMaven.java:307)
	at org.apache.maven.DefaultMaven.doExecute(DefaultMaven.java:193)
	at org.apache.maven.DefaultMaven.execute(DefaultMaven.java:106)
	at org.apache.maven.cli.MavenCli.execute(MavenCli.java:863)
	at org.apache.maven.cli.MavenCli.doMain(MavenCli.java:288)
	at org.apache.maven.cli.MavenCli.main(MavenCli.java:199)
	at sun.reflect.NativeMethodAccessorImpl.invoke0(Native Method)
	at sun.reflect.NativeMethodAccessorImpl.invoke(NativeMethodAccessorImpl.java:62)
	at sun.reflect.DelegatingMethodAccessorImpl.invoke(DelegatingMethodAccessorImpl.java:43)
	at java.lang.reflect.Method.invoke(Method.java:498)
	at org.codehaus.plexus.classworlds.launcher.Launcher.launchEnhanced(Launcher.java:289)
	at org.codehaus.plexus.classworlds.launcher.Launcher.launch(Launcher.java:229)
	at org.codehaus.plexus.classworlds.launcher.Launcher.mainWithExitCode(Launcher.java:415)
	at org.codehaus.plexus.classworlds.launcher.Launcher.main(Launcher.java:356)
Caused by: org.apache.maven.plugin.MojoFailureException: There are test failures.

Please refer to /pfs/proj/nobackup/fs/projnb01/snic2020-10-10/dginelli/repairnator-workspace/repairnator-repairnator-experiments-santanusinha-dropwizard-db-sharding-bundle-415477949-20180813-165531-firstCommit/target/surefire-reports for the individual test results.
	at org.apache.maven.plugin.surefire.SurefireHelper.reportExecution(SurefireHelper.java:82)
	at org.apache.maven.plugin.surefire.SurefirePlugin.handleSummary(SurefirePlugin.java:195)
	at org.apache.maven.plugin.surefire.AbstractSurefireMojo.executeAfterPreconditionsChecked(AbstractSurefireMojo.java:861)
	at org.apache.maven.plugin.surefire.AbstractSurefireMojo.execute(AbstractSurefireMojo.java:729)
	at org.apache.maven.plugin.DefaultBuildPluginManager.executeMojo(DefaultBuildPluginManager.java:134)
	at org.apache.maven.lifecycle.internal.MojoExecutor.execute(MojoExecutor.java:207)
	... 20 more
[ERROR] 
[ERROR] Re-run Maven using the -X switch to enable full debug logging.
[ERROR] 
[ERROR] For more information about the errors and possible solutions, please read the following articles:
[ERROR] [Help 1] http://cwiki.apache.org/confluence/display/MAVEN/MojoFailureException
